#
# There is insufficient memory for the Java Runtime Environment to continue.
# Native memory allocation (mmap) failed to map 65536 bytes for Failed to commit metaspace.
# Possible reasons:
#   The system is out of physical RAM or swap space
#   The process is running with CompressedOops enabled, and the Java Heap may be blocking the growth of the native heap
# Possible solutions:
#   Reduce memory load on the system
#   Increase physical memory or swap space
#   Check if swap backing store is full
#   Decrease Java heap size (-Xmx/-Xms)
#   Decrease number of Java threads
#   Decrease Java thread stack sizes (-Xss)
#   Set larger code cache with -XX:ReservedCodeCacheSize=
#   JVM is running with Zero Based Compressed Oops mode in which the Java heap is
#     placed in the first 32GB address space. The Java Heap base address is the
#     maximum limit for the native heap growth. Please use -XX:HeapBaseMinAddress
#     to set the Java Heap base and to place the Java Heap above 32GB virtual address.
# This output file may be truncated or incomplete.
#
#  Out of Memory Error (virtualSpaceNode.cpp:110), pid=62616, tid=69484
#
# JRE version:  (17.0.9+7) (build )
# Java VM: OpenJDK 64-Bit Server VM (17.0.9+7-b1087.7, mixed mode, tiered, compressed oops, compressed class ptrs, g1 gc, windows-amd64)
# No core dump will be written. Minidumps are not enabled by default on client versions of Windows
#

---------------  S U M M A R Y ------------

Command Line: -javaagent:D:\software\IntelliJ IDEA 2023.2\lib\idea_rt.jar=50320:D:\software\IntelliJ IDEA 2023.2\bin -Dfile.encoding=UTF-8 --module-path=D:\environment\apache-maven-3.9.3\Repository\org\openjfx\javafx-controls\21-ea+24\javafx-controls-21-ea+24-win.jar;E:\PVT\Project\Inspectra\target\classes;D:\environment\apache-maven-3.9.3\Repository\org\openjfx\javafx-fxml\21-ea+24\javafx-fxml-21-ea+24-win.jar;D:\environment\apache-maven-3.9.3\Repository\org\projectlombok\lombok\1.18.32\lombok-1.18.32.jar;D:\environment\apache-maven-3.9.3\Repository\org\controlsfx\controlsfx\11.1.2\controlsfx-11.1.2.jar;D:\environment\apache-maven-3.9.3\Repository\org\usb4java\usb4java\1.3.0\usb4java-1.3.0.jar;D:\environment\apache-maven-3.9.3\Repository\org\openjfx\javafx-graphics\21-ea+24\javafx-graphics-21-ea+24-win.jar;D:\environment\apache-maven-3.9.3\Repository\net\synedra\validatorfx\0.4.0\validatorfx-0.4.0.jar;D:\environment\apache-maven-3.9.3\Repository\org\usb4java\usb4java-javax\1.3.0\usb4java-javax-1.3.0.jar;D:\environment\apache-maven-3.9.3\Repository\org\slf4j\slf4j-api\2.0.13\slf4j-api-2.0.13.jar;D:\environment\apache-maven-3.9.3\Repository\ch\qos\logback\logback-core\1.5.6\logback-core-1.5.6.jar;D:\environment\apache-maven-3.9.3\Repository\javax\usb\usb-api\1.0.2\usb-api-1.0.2.jar;D:\environment\apache-maven-3.9.3\Repository\org\openjfx\javafx-base\21-ea+24\javafx-base-21-ea+24-win.jar;D:\environment\apache-maven-3.9.3\Repository\cn\hutool\hutool-all\5.8.26\hutool-all-5.8.26.jar;D:\environment\apache-maven-3.9.3\Repository\ch\qos\logback\logback-classic\1.5.6\logback-classic-1.5.6.jar;D:\environment\apache-maven-3.9.3\Repository\org\kordamp\bootstrapfx\bootstrapfx-core\0.4.0\bootstrapfx-core-0.4.0.jar -Djdk.module.main=com.pvetec.inspectra com.pvetec.inspectra/com.pvetec.inspectra.MainApplication

Host: AMD Ryzen 7 5800U with Radeon Graphics         , 16 cores, 19G,  Windows 11 , 64 bit Build 22621 (10.0.22621.3958)
Time: Fri Aug 30 16:53:28 2024  Windows 11 , 64 bit Build 22621 (10.0.22621.3958) elapsed time: 0.075522 seconds (0d 0h 0m 0s)

---------------  T H R E A D  ---------------

Current thread (0x000001d7ffd76f30):  JavaThread "main" [_thread_in_vm, id=69484, stack(0x00000049cd600000,0x00000049cd700000)]

Stack: [0x00000049cd600000,0x00000049cd700000]
Native frames: (J=compiled Java code, j=interpreted, Vv=VM code, C=native code)
V  [jvm.dll+0x6886e9]
V  [jvm.dll+0x841e4a]
V  [jvm.dll+0x843a8e]
V  [jvm.dll+0x8440f3]
V  [jvm.dll+0x24c14f]
V  [jvm.dll+0x83ce2b]
V  [jvm.dll+0x62cae6]
V  [jvm.dll+0x62cb4a]
V  [jvm.dll+0x62f37a]
V  [jvm.dll+0x62d486]
V  [jvm.dll+0x24925c]
V  [jvm.dll+0x6dfeed]
V  [jvm.dll+0x6e092f]
V  [jvm.dll+0x379250]
V  [jvm.dll+0x378274]
V  [jvm.dll+0x378218]
V  [jvm.dll+0x570585]
V  [jvm.dll+0x56f434]
V  [jvm.dll+0x38c332]
V  [jvm.dll+0x38b99f]
C  0x000001d78af5a519

The last pc belongs to invokestatic (printed below).
Java frames: (J=compiled Java code, j=interpreted, Vv=VM code)
j  java.lang.StringLatin1.newString([BII)Ljava/lang/String;+16 java.base
j  java.lang.StringBuilder.toString()Ljava/lang/String;+16 java.base
j  sun.nio.cs.StandardCharsets.toLower(Ljava/lang/String;)Ljava/lang/String;+121 java.base
j  sun.nio.cs.StandardCharsets.lookup(Ljava/lang/String;)Ljava/nio/charset/Charset;+44 java.base
j  sun.nio.cs.StandardCharsets.charsetForName(Ljava/lang/String;)Ljava/nio/charset/Charset;+6 java.base
j  java.nio.charset.Charset.lookup2(Ljava/lang/String;)Ljava/nio/charset/Charset;+39 java.base
j  java.nio.charset.Charset.lookup(Ljava/lang/String;)Ljava/nio/charset/Charset;+40 java.base
j  java.nio.charset.Charset.isSupported(Ljava/lang/String;)Z+1 java.base
v  ~StubRoutines::call_stub
j  jdk.internal.util.SystemProps$Raw.vmProperties()[Ljava/lang/String;+0 java.base
j  jdk.internal.util.SystemProps$Raw.cmdProperties()Ljava/util/HashMap;+0 java.base
j  jdk.internal.util.SystemProps.initProperties()Ljava/util/Map;+9 java.base
j  java.lang.System.initPhase1()V+3 java.base
v  ~StubRoutines::call_stub
invokestatic  184 invokestatic  [0x000001d78af5a460, 0x000001d78af5a720]  704 bytes
[MachCode]
  0x000001d78af5a460: 4883 ec08 | c5fa 1104 | 24eb 1f48 | 83ec 10c5 | fb11 0424 | eb14 4883 | ec10 4889 | 0424 48c7 
  0x000001d78af5a480: 4424 0800 | 0000 00eb | 0150 4c89 | 6dc0 410f | b755 0148 | 8b4d d0c1 | e202 8b5c | d120 c1eb 
  0x000001d78af5a4a0: 1081 e3ff | 0000 0081 | fbb8 0000 | 000f 84b6 | 0000 00bb | b800 0000 | e805 0000 | 00e9 9b00 
  0x000001d78af5a4c0: 0000 488b | d348 8d44 | 2408 4c89 | 6dc0 498b | cfc5 f877 | 4989 afa8 | 0200 0049 | 8987 9802 
  0x000001d78af5a4e0: 0000 4883 | ec20 f7c4 | 0f00 0000 | 0f84 1a00 | 0000 4883 | ec08 49ba | 30b9 9f2c | fb7f 0000 
  0x000001d78af5a500: 41ff d248 | 83c4 08e9 | 0d00 0000 | 49ba 30b9 | 9f2c fb7f | 0000 41ff | d248 83c4 | 2049 c787 
  0x000001d78af5a520: 9802 0000 | 0000 0000 | 49c7 87a8 | 0200 0000 | 0000 0049 | c787 a002 | 0000 0000 | 0000 c5f8 
  0x000001d78af5a540: 7749 817f | 0800 0000 | 000f 8405 | 0000 00e9 | ac69 feff | 4c8b 6dc0 | 4c8b 75c8 | c341 0fb7 
  0x000001d78af5a560: 5501 488b | 4dd0 c1e2 | 0248 8b5c | d128 488b | 5b08 488b | 5b08 488b | 5b18 80bb | 5b01 0000 
  0x000001d78af5a580: 040f 840d | 0000 004c | 3bbb 6001 | 0000 0f85 | 1fff ffff | 488b 5cd1 | 288b 54d1 | 38c1 ea1c 
  0x000001d78af5a5a0: 49ba 505e | 222d fb7f | 0000 498b | 14d2 5248 | 8b45 d848 | 85c0 0f84 | 1200 0000 | 4883 4008 
  0x000001d78af5a5c0: 0148 8358 | 0800 4883 | c010 4889 | 45d8 488b | 45d8 4885 | c00f 8435 | 0100 0080 | 78f0 0a0f 
  0x000001d78af5a5e0: 852b 0100 | 0048 83c0 | 084c 8b68 | f841 83ed | 0041 83fd | 020f 8c0a | 0100 004c | 8b6b 0845 
  0x000001d78af5a600: 0fb7 6d2c | 4c2b 2841 | 83ed 014e | 8b6c ec08 | 4d85 ed75 | 0748 8348 | 0801 eb53 | 458b 6d08 
  0x000001d78af5a620: 49ba 0000 | 0000 0800 | 0000 4d03 | ea4c 3368 | 0849 f7c5 | fcff ffff | 7435 49f7 | c502 0000 
  0x000001d78af5a640: 0075 2c48 | 8178 0800 | 0000 0074 | 1e48 8178 | 0801 0000 | 0074 144c | 3368 0849 | f7c5 fcff 
  0x000001d78af5a660: ffff 740b | 4883 4808 | 02eb 044c | 8968 0848 | 83c0 104c | 8b68 e841 | 83ed 0241 | 83fd 020f 
  0x000001d78af5a680: 8c80 0000 | 004c 8b6b | 0845 0fb7 | 6d2c 4c2b | 2841 83ed | 014e 8b6c | ec08 4d85 | ed75 0748 
  0x000001d78af5a6a0: 8348 0801 | eb53 458b | 6d08 49ba | 0000 0000 | 0800 0000 | 4d03 ea4c | 3368 0849 | f7c5 fcff 
  0x000001d78af5a6c0: ffff 7435 | 49f7 c502 | 0000 0075 | 2c48 8178 | 0800 0000 | 0074 1e48 | 8178 0801 | 0000 0074 
  0x000001d78af5a6e0: 144c 3368 | 0849 f7c5 | fcff ffff | 740b 4883 | 4808 02eb | 044c 8968 | 0848 83c0 | 104c 8b68 
  0x000001d78af5a700: d841 83ed | 0441 c1e5 | 0349 03c5 | 4889 45d8 | 4c8d 6c24 | 084c 896d | f0ff 6360 | 0f1f 4000 
[/MachCode]

---------------  P R O C E S S  ---------------

Threads class SMR info:
_java_thread_list=0x000001d7a205c150, length=3, elements={
0x000001d7ffd76f30, 0x000001d7a205e270, 0x000001d7a2061010
}

Java Threads: ( => current thread )
=>0x000001d7ffd76f30 JavaThread "main" [_thread_in_vm, id=69484, stack(0x00000049cd600000,0x00000049cd700000)]
  0x000001d7a205e270 JavaThread "Reference Handler" daemon [_thread_blocked, id=70680, stack(0x00000049cdd00000,0x00000049cde00000)]
  0x000001d7a2061010 JavaThread "Finalizer" daemon [_thread_blocked, id=72504, stack(0x00000049cde00000,0x00000049cdf00000)]

Other Threads:
  0x000001d7a2039800 VMThread "VM Thread" [stack: 0x00000049cdc00000,0x00000049cdd00000] [id=73412]
  0x000001d7ffdefdf0 GCTaskThread "GC Thread#0" [stack: 0x00000049cd700000,0x00000049cd800000] [id=66788]
  0x000001d7ffdfab20 ConcurrentGCThread "G1 Main Marker" [stack: 0x00000049cd800000,0x00000049cd900000] [id=72896]
  0x000001d7ffdfc460 ConcurrentGCThread "G1 Conc#0" [stack: 0x00000049cd900000,0x00000049cda00000] [id=72596]
  0x000001d7ffe1eb40 ConcurrentGCThread "G1 Refine#0" [stack: 0x00000049cda00000,0x00000049cdb00000] [id=69396]
  0x000001d7a1706f00 ConcurrentGCThread "G1 Service" [stack: 0x00000049cdb00000,0x00000049cdc00000] [id=68672]

Threads with active compile tasks:

VM state: not at safepoint (normal execution)

VM Mutex/Monitor currently owned by a thread:  ([mutex/lock_event])
[0x000001d7ffd710c0] Metaspace_lock - owner thread: 0x000001d7ffd76f30

Heap address: 0x00000006c2400000, size: 5084 MB, Compressed Oops mode: Zero based, Oop shift amount: 3

CDS archive(s) not mapped
Compressed class space mapped at: 0x0000000800000000-0x0000000840000000, reserved size: 1073741824
Narrow klass base: 0x0000000800000000, Narrow klass shift: 0, Narrow klass range: 0x40000000

GC Precious Log:
 CPUs: 16 total, 16 available
 Memory: 20332M
 Large Page Support: Disabled
 NUMA Support: Disabled
 Compressed Oops: Enabled (Zero based)
 Heap Region Size: 4M
 Heap Min Capacity: 8M
 Heap Initial Capacity: 320M
 Heap Max Capacity: 5084M
 Pre-touch: Disabled
 Parallel Workers: 13
 Concurrent Workers: 3
 Concurrent Refinement Workers: 13
 Periodic GC: Disabled

Heap:
 garbage-first heap   total 327680K, used 0K [0x00000006c2400000, 0x0000000800000000)
  region size 4096K, 1 young (4096K), 0 survivors (0K)
 Metaspace       used 2145K, committed 2176K, reserved 1114112K
  class space    used 164K, committed 192K, reserved 1048576K

Heap Regions: E=young(eden), S=young(survivor), O=old, HS=humongous(starts), HC=humongous(continues), CS=collection set, F=free, OA=open archive, CA=closed archive, TAMS=top-at-mark-start (previous, next)
|   0|0x00000006c2400000, 0x00000006c2400000, 0x00000006c2800000|  0%| F|  |TAMS 0x00000006c2400000, 0x00000006c2400000| Untracked 
|   1|0x00000006c2800000, 0x00000006c2800000, 0x00000006c2c00000|  0%| F|  |TAMS 0x00000006c2800000, 0x00000006c2800000| Untracked 
|   2|0x00000006c2c00000, 0x00000006c2c00000, 0x00000006c3000000|  0%| F|  |TAMS 0x00000006c2c00000, 0x00000006c2c00000| Untracked 
|   3|0x00000006c3000000, 0x00000006c3000000, 0x00000006c3400000|  0%| F|  |TAMS 0x00000006c3000000, 0x00000006c3000000| Untracked 
|   4|0x00000006c3400000, 0x00000006c3400000, 0x00000006c3800000|  0%| F|  |TAMS 0x00000006c3400000, 0x00000006c3400000| Untracked 
|   5|0x00000006c3800000, 0x00000006c3800000, 0x00000006c3c00000|  0%| F|  |TAMS 0x00000006c3800000, 0x00000006c3800000| Untracked 
|   6|0x00000006c3c00000, 0x00000006c3c00000, 0x00000006c4000000|  0%| F|  |TAMS 0x00000006c3c00000, 0x00000006c3c00000| Untracked 
|   7|0x00000006c4000000, 0x00000006c4000000, 0x00000006c4400000|  0%| F|  |TAMS 0x00000006c4000000, 0x00000006c4000000| Untracked 
|   8|0x00000006c4400000, 0x00000006c4400000, 0x00000006c4800000|  0%| F|  |TAMS 0x00000006c4400000, 0x00000006c4400000| Untracked 
|   9|0x00000006c4800000, 0x00000006c4800000, 0x00000006c4c00000|  0%| F|  |TAMS 0x00000006c4800000, 0x00000006c4800000| Untracked 
|  10|0x00000006c4c00000, 0x00000006c4c00000, 0x00000006c5000000|  0%| F|  |TAMS 0x00000006c4c00000, 0x00000006c4c00000| Untracked 
|  11|0x00000006c5000000, 0x00000006c5000000, 0x00000006c5400000|  0%| F|  |TAMS 0x00000006c5000000, 0x00000006c5000000| Untracked 
|  12|0x00000006c5400000, 0x00000006c5400000, 0x00000006c5800000|  0%| F|  |TAMS 0x00000006c5400000, 0x00000006c5400000| Untracked 
|  13|0x00000006c5800000, 0x00000006c5800000, 0x00000006c5c00000|  0%| F|  |TAMS 0x00000006c5800000, 0x00000006c5800000| Untracked 
|  14|0x00000006c5c00000, 0x00000006c5c00000, 0x00000006c6000000|  0%| F|  |TAMS 0x00000006c5c00000, 0x00000006c5c00000| Untracked 
|  15|0x00000006c6000000, 0x00000006c6000000, 0x00000006c6400000|  0%| F|  |TAMS 0x00000006c6000000, 0x00000006c6000000| Untracked 
|  16|0x00000006c6400000, 0x00000006c6400000, 0x00000006c6800000|  0%| F|  |TAMS 0x00000006c6400000, 0x00000006c6400000| Untracked 
|  17|0x00000006c6800000, 0x00000006c6800000, 0x00000006c6c00000|  0%| F|  |TAMS 0x00000006c6800000, 0x00000006c6800000| Untracked 
|  18|0x00000006c6c00000, 0x00000006c6c00000, 0x00000006c7000000|  0%| F|  |TAMS 0x00000006c6c00000, 0x00000006c6c00000| Untracked 
|  19|0x00000006c7000000, 0x00000006c7000000, 0x00000006c7400000|  0%| F|  |TAMS 0x00000006c7000000, 0x00000006c7000000| Untracked 
|  20|0x00000006c7400000, 0x00000006c7400000, 0x00000006c7800000|  0%| F|  |TAMS 0x00000006c7400000, 0x00000006c7400000| Untracked 
|  21|0x00000006c7800000, 0x00000006c7800000, 0x00000006c7c00000|  0%| F|  |TAMS 0x00000006c7800000, 0x00000006c7800000| Untracked 
|  22|0x00000006c7c00000, 0x00000006c7c00000, 0x00000006c8000000|  0%| F|  |TAMS 0x00000006c7c00000, 0x00000006c7c00000| Untracked 
|  23|0x00000006c8000000, 0x00000006c8000000, 0x00000006c8400000|  0%| F|  |TAMS 0x00000006c8000000, 0x00000006c8000000| Untracked 
|  24|0x00000006c8400000, 0x00000006c8400000, 0x00000006c8800000|  0%| F|  |TAMS 0x00000006c8400000, 0x00000006c8400000| Untracked 
|  25|0x00000006c8800000, 0x00000006c8800000, 0x00000006c8c00000|  0%| F|  |TAMS 0x00000006c8800000, 0x00000006c8800000| Untracked 
|  26|0x00000006c8c00000, 0x00000006c8c00000, 0x00000006c9000000|  0%| F|  |TAMS 0x00000006c8c00000, 0x00000006c8c00000| Untracked 
|  27|0x00000006c9000000, 0x00000006c9000000, 0x00000006c9400000|  0%| F|  |TAMS 0x00000006c9000000, 0x00000006c9000000| Untracked 
|  28|0x00000006c9400000, 0x00000006c9400000, 0x00000006c9800000|  0%| F|  |TAMS 0x00000006c9400000, 0x00000006c9400000| Untracked 
|  29|0x00000006c9800000, 0x00000006c9800000, 0x00000006c9c00000|  0%| F|  |TAMS 0x00000006c9800000, 0x00000006c9800000| Untracked 
|  30|0x00000006c9c00000, 0x00000006c9c00000, 0x00000006ca000000|  0%| F|  |TAMS 0x00000006c9c00000, 0x00000006c9c00000| Untracked 
|  31|0x00000006ca000000, 0x00000006ca000000, 0x00000006ca400000|  0%| F|  |TAMS 0x00000006ca000000, 0x00000006ca000000| Untracked 
|  32|0x00000006ca400000, 0x00000006ca400000, 0x00000006ca800000|  0%| F|  |TAMS 0x00000006ca400000, 0x00000006ca400000| Untracked 
|  33|0x00000006ca800000, 0x00000006ca800000, 0x00000006cac00000|  0%| F|  |TAMS 0x00000006ca800000, 0x00000006ca800000| Untracked 
|  34|0x00000006cac00000, 0x00000006cac00000, 0x00000006cb000000|  0%| F|  |TAMS 0x00000006cac00000, 0x00000006cac00000| Untracked 
|  35|0x00000006cb000000, 0x00000006cb000000, 0x00000006cb400000|  0%| F|  |TAMS 0x00000006cb000000, 0x00000006cb000000| Untracked 
|  36|0x00000006cb400000, 0x00000006cb400000, 0x00000006cb800000|  0%| F|  |TAMS 0x00000006cb400000, 0x00000006cb400000| Untracked 
|  37|0x00000006cb800000, 0x00000006cb800000, 0x00000006cbc00000|  0%| F|  |TAMS 0x00000006cb800000, 0x00000006cb800000| Untracked 
|  38|0x00000006cbc00000, 0x00000006cbc00000, 0x00000006cc000000|  0%| F|  |TAMS 0x00000006cbc00000, 0x00000006cbc00000| Untracked 
|  39|0x00000006cc000000, 0x00000006cc000000, 0x00000006cc400000|  0%| F|  |TAMS 0x00000006cc000000, 0x00000006cc000000| Untracked 
|  40|0x00000006cc400000, 0x00000006cc400000, 0x00000006cc800000|  0%| F|  |TAMS 0x00000006cc400000, 0x00000006cc400000| Untracked 
|  41|0x00000006cc800000, 0x00000006cc800000, 0x00000006ccc00000|  0%| F|  |TAMS 0x00000006cc800000, 0x00000006cc800000| Untracked 
|  42|0x00000006ccc00000, 0x00000006ccc00000, 0x00000006cd000000|  0%| F|  |TAMS 0x00000006ccc00000, 0x00000006ccc00000| Untracked 
|  43|0x00000006cd000000, 0x00000006cd000000, 0x00000006cd400000|  0%| F|  |TAMS 0x00000006cd000000, 0x00000006cd000000| Untracked 
|  44|0x00000006cd400000, 0x00000006cd400000, 0x00000006cd800000|  0%| F|  |TAMS 0x00000006cd400000, 0x00000006cd400000| Untracked 
|  45|0x00000006cd800000, 0x00000006cd800000, 0x00000006cdc00000|  0%| F|  |TAMS 0x00000006cd800000, 0x00000006cd800000| Untracked 
|  46|0x00000006cdc00000, 0x00000006cdc00000, 0x00000006ce000000|  0%| F|  |TAMS 0x00000006cdc00000, 0x00000006cdc00000| Untracked 
|  47|0x00000006ce000000, 0x00000006ce000000, 0x00000006ce400000|  0%| F|  |TAMS 0x00000006ce000000, 0x00000006ce000000| Untracked 
|  48|0x00000006ce400000, 0x00000006ce400000, 0x00000006ce800000|  0%| F|  |TAMS 0x00000006ce400000, 0x00000006ce400000| Untracked 
|  49|0x00000006ce800000, 0x00000006ce800000, 0x00000006cec00000|  0%| F|  |TAMS 0x00000006ce800000, 0x00000006ce800000| Untracked 
|  50|0x00000006cec00000, 0x00000006cec00000, 0x00000006cf000000|  0%| F|  |TAMS 0x00000006cec00000, 0x00000006cec00000| Untracked 
|  51|0x00000006cf000000, 0x00000006cf000000, 0x00000006cf400000|  0%| F|  |TAMS 0x00000006cf000000, 0x00000006cf000000| Untracked 
|  52|0x00000006cf400000, 0x00000006cf400000, 0x00000006cf800000|  0%| F|  |TAMS 0x00000006cf400000, 0x00000006cf400000| Untracked 
|  53|0x00000006cf800000, 0x00000006cf800000, 0x00000006cfc00000|  0%| F|  |TAMS 0x00000006cf800000, 0x00000006cf800000| Untracked 
|  54|0x00000006cfc00000, 0x00000006cfc00000, 0x00000006d0000000|  0%| F|  |TAMS 0x00000006cfc00000, 0x00000006cfc00000| Untracked 
|  55|0x00000006d0000000, 0x00000006d0000000, 0x00000006d0400000|  0%| F|  |TAMS 0x00000006d0000000, 0x00000006d0000000| Untracked 
|  56|0x00000006d0400000, 0x00000006d0400000, 0x00000006d0800000|  0%| F|  |TAMS 0x00000006d0400000, 0x00000006d0400000| Untracked 
|  57|0x00000006d0800000, 0x00000006d0800000, 0x00000006d0c00000|  0%| F|  |TAMS 0x00000006d0800000, 0x00000006d0800000| Untracked 
|  58|0x00000006d0c00000, 0x00000006d0c00000, 0x00000006d1000000|  0%| F|  |TAMS 0x00000006d0c00000, 0x00000006d0c00000| Untracked 
|  59|0x00000006d1000000, 0x00000006d1000000, 0x00000006d1400000|  0%| F|  |TAMS 0x00000006d1000000, 0x00000006d1000000| Untracked 
|  60|0x00000006d1400000, 0x00000006d1400000, 0x00000006d1800000|  0%| F|  |TAMS 0x00000006d1400000, 0x00000006d1400000| Untracked 
|  61|0x00000006d1800000, 0x00000006d1800000, 0x00000006d1c00000|  0%| F|  |TAMS 0x00000006d1800000, 0x00000006d1800000| Untracked 
|  62|0x00000006d1c00000, 0x00000006d1c00000, 0x00000006d2000000|  0%| F|  |TAMS 0x00000006d1c00000, 0x00000006d1c00000| Untracked 
|  63|0x00000006d2000000, 0x00000006d2000000, 0x00000006d2400000|  0%| F|  |TAMS 0x00000006d2000000, 0x00000006d2000000| Untracked 
|  64|0x00000006d2400000, 0x00000006d2400000, 0x00000006d2800000|  0%| F|  |TAMS 0x00000006d2400000, 0x00000006d2400000| Untracked 
|  65|0x00000006d2800000, 0x00000006d2800000, 0x00000006d2c00000|  0%| F|  |TAMS 0x00000006d2800000, 0x00000006d2800000| Untracked 
|  66|0x00000006d2c00000, 0x00000006d2c00000, 0x00000006d3000000|  0%| F|  |TAMS 0x00000006d2c00000, 0x00000006d2c00000| Untracked 
|  67|0x00000006d3000000, 0x00000006d3000000, 0x00000006d3400000|  0%| F|  |TAMS 0x00000006d3000000, 0x00000006d3000000| Untracked 
|  68|0x00000006d3400000, 0x00000006d3400000, 0x00000006d3800000|  0%| F|  |TAMS 0x00000006d3400000, 0x00000006d3400000| Untracked 
|  69|0x00000006d3800000, 0x00000006d3800000, 0x00000006d3c00000|  0%| F|  |TAMS 0x00000006d3800000, 0x00000006d3800000| Untracked 
|  70|0x00000006d3c00000, 0x00000006d3c00000, 0x00000006d4000000|  0%| F|  |TAMS 0x00000006d3c00000, 0x00000006d3c00000| Untracked 
|  71|0x00000006d4000000, 0x00000006d4000000, 0x00000006d4400000|  0%| F|  |TAMS 0x00000006d4000000, 0x00000006d4000000| Untracked 
|  72|0x00000006d4400000, 0x00000006d4400000, 0x00000006d4800000|  0%| F|  |TAMS 0x00000006d4400000, 0x00000006d4400000| Untracked 
|  73|0x00000006d4800000, 0x00000006d4800000, 0x00000006d4c00000|  0%| F|  |TAMS 0x00000006d4800000, 0x00000006d4800000| Untracked 
|  74|0x00000006d4c00000, 0x00000006d4c00000, 0x00000006d5000000|  0%| F|  |TAMS 0x00000006d4c00000, 0x00000006d4c00000| Untracked 
|  75|0x00000006d5000000, 0x00000006d5000000, 0x00000006d5400000|  0%| F|  |TAMS 0x00000006d5000000, 0x00000006d5000000| Untracked 
|  76|0x00000006d5400000, 0x00000006d5400000, 0x00000006d5800000|  0%| F|  |TAMS 0x00000006d5400000, 0x00000006d5400000| Untracked 
|  77|0x00000006d5800000, 0x00000006d5800000, 0x00000006d5c00000|  0%| F|  |TAMS 0x00000006d5800000, 0x00000006d5800000| Untracked 
|  78|0x00000006d5c00000, 0x00000006d5c00000, 0x00000006d6000000|  0%| F|  |TAMS 0x00000006d5c00000, 0x00000006d5c00000| Untracked 
|  79|0x00000006d6000000, 0x00000006d60ccdf8, 0x00000006d6400000| 20%| E|  |TAMS 0x00000006d6000000, 0x00000006d6000000| Complete 

Card table byte_map: [0x000001d793c50000,0x000001d794640000] _byte_map_base: 0x000001d79063e000

Marking Bits (Prev, Next): (CMBitMap*) 0x000001d7ffdf0320, (CMBitMap*) 0x000001d7ffdf0360
 Prev Bits: [0x000001d795030000, 0x000001d799fa0000)
 Next Bits: [0x000001d799fa0000, 0x000001d79ef10000)

Polling page: 0x000001d7fdb00000

Metaspace:

Usage:
  Non-class:      1.93 MB used.
      Class:    164.25 KB used.
       Both:      2.09 MB used.

Virtual space:
  Non-class space:       64.00 MB reserved,       1.94 MB (  3%) committed,  1 nodes.
      Class space:        1.00 GB reserved,     192.00 KB ( <1%) committed,  1 nodes.
             Both:        1.06 GB reserved,       2.12 MB ( <1%) committed. 

Chunk freelists:
   Non-Class:  12.00 MB
       Class:  15.75 MB
        Both:  27.75 MB

MaxMetaspaceSize: unlimited
CompressedClassSpaceSize: 1.00 GB
Initial GC threshold: 21.00 MB
Current GC threshold: 17179869184.00 GB
CDS: off
MetaspaceReclaimPolicy: balanced
 - commit_granule_bytes: 65536.
 - commit_granule_words: 8192.
 - virtual_space_node_default_size: 8388608.
 - enlarge_chunks_in_place: 1.
 - new_chunks_are_fully_committed: 0.
 - uncommit_free_chunks: 1.
 - use_allocation_guard: 0.
 - handle_deallocations: 1.


Internal statistics:

num_allocs_failed_limit: 0.
num_arena_births: 2.
num_arena_deaths: 0.
num_vsnodes_births: 2.
num_vsnodes_deaths: 0.
num_space_committed: 34.
num_space_uncommitted: 0.
num_chunks_returned_to_freelist: 0.
num_chunks_taken_from_freelist: 3.
num_chunk_merges: 0.
num_chunk_splits: 2.
num_chunks_enlarged: 0.
num_inconsistent_stats: 0.

CodeHeap 'non-profiled nmethods': size=119168Kb used=0Kb max_used=0Kb free=119168Kb
 bounds [0x000001d78b690000, 0x000001d78b900000, 0x000001d792af0000]
CodeHeap 'profiled nmethods': size=119104Kb used=0Kb max_used=0Kb free=119104Kb
 bounds [0x000001d783af0000, 0x000001d783d60000, 0x000001d78af40000]
CodeHeap 'non-nmethods': size=7488Kb used=365Kb max_used=365Kb free=7122Kb
 bounds [0x000001d78af40000, 0x000001d78b1b0000, 0x000001d78b690000]
 total_blobs=152 nmethods=0 adapters=125
 compilation: enabled
              stopped_count=0, restarted_count=0
 full_count=0

Compilation events (0 events):
No events

GC Heap History (0 events):
No events

Dll operation events (2 events):
Event: 0.015 Loaded shared library C:\Users\LIWEI\.jdks\jbr-17.0.9\bin\java.dll
Event: 0.045 Loaded shared library C:\Users\LIWEI\.jdks\jbr-17.0.9\bin\jsvml.dll

Deoptimization events (0 events):
No events

Classes unloaded (0 events):
No events

Classes redefined (0 events):
No events

Internal exceptions (0 events):
No events

VM Operations (0 events):
No events

Events (20 events):
Event: 0.056 loading class jdk/internal/access/JavaLangAccess
Event: 0.057 loading class jdk/internal/access/JavaLangAccess done
Event: 0.057 loading class jdk/internal/misc/VM done
Event: 0.057 loading class java/lang/System$2 done
Event: 0.057 loading class jdk/internal/util/SystemProps
Event: 0.057 loading class jdk/internal/util/SystemProps done
Event: 0.057 loading class jdk/internal/util/SystemProps$Raw
Event: 0.057 loading class jdk/internal/util/SystemProps$Raw done
Event: 0.063 loading class java/nio/charset/Charset
Event: 0.063 loading class java/nio/charset/Charset done
Event: 0.063 loading class sun/nio/cs/StandardCharsets
Event: 0.064 loading class java/nio/charset/spi/CharsetProvider
Event: 0.064 loading class java/nio/charset/spi/CharsetProvider done
Event: 0.064 loading class sun/nio/cs/StandardCharsets done
Event: 0.064 loading class java/lang/ThreadLocal
Event: 0.064 loading class java/lang/ThreadLocal done
Event: 0.064 loading class java/util/concurrent/atomic/AtomicInteger
Event: 0.064 loading class java/util/concurrent/atomic/AtomicInteger done
Event: 0.064 loading class java/util/Arrays
Event: 0.065 loading class java/util/Arrays done


Dynamic libraries:
0x00007ff7e3a20000 - 0x00007ff7e3a2a000 	C:\Users\LIWEI\.jdks\jbr-17.0.9\bin\java.exe
0x00007ffbdb4d0000 - 0x00007ffbdb6e7000 	C:\WINDOWS\SYSTEM32\ntdll.dll
0x00007ffbd9f90000 - 0x00007ffbda054000 	C:\WINDOWS\System32\KERNEL32.DLL
0x00007ffbd8e50000 - 0x00007ffbd91fd000 	C:\WINDOWS\System32\KERNELBASE.dll
0x00007ffbd8bb0000 - 0x00007ffbd8cc1000 	C:\WINDOWS\System32\ucrtbase.dll
0x00007ffbc50e0000 - 0x00007ffbc50f7000 	C:\Users\LIWEI\.jdks\jbr-17.0.9\bin\jli.dll
0x00007ffbc4de0000 - 0x00007ffbc4dfb000 	C:\Users\LIWEI\.jdks\jbr-17.0.9\bin\VCRUNTIME140.dll
0x00007ffbda580000 - 0x00007ffbda72e000 	C:\WINDOWS\System32\USER32.dll
0x00007ffbd8df0000 - 0x00007ffbd8e16000 	C:\WINDOWS\System32\win32u.dll
0x00007ffbdb460000 - 0x00007ffbdb489000 	C:\WINDOWS\System32\GDI32.dll
0x00007ffbbf820000 - 0x00007ffbbfab3000 	C:\WINDOWS\WinSxS\amd64_microsoft.windows.common-controls_6595b64144ccf1df_6.0.22621.3672_none_2713b9d173822955\COMCTL32.dll
0x00007ffbd8cd0000 - 0x00007ffbd8de9000 	C:\WINDOWS\System32\gdi32full.dll
0x00007ffbd9280000 - 0x00007ffbd9327000 	C:\WINDOWS\System32\msvcrt.dll
0x00007ffbd89d0000 - 0x00007ffbd8a6a000 	C:\WINDOWS\System32\msvcp_win.dll
0x00007ffbd97f0000 - 0x00007ffbd9821000 	C:\WINDOWS\System32\IMM32.DLL
0x00007ffbc5530000 - 0x00007ffbc553c000 	C:\Users\LIWEI\.jdks\jbr-17.0.9\bin\vcruntime140_1.dll
0x00007ffb847c0000 - 0x00007ffb8484d000 	C:\Users\LIWEI\.jdks\jbr-17.0.9\bin\msvcp140.dll
0x00007ffb2c670000 - 0x00007ffb2d2f3000 	C:\Users\LIWEI\.jdks\jbr-17.0.9\bin\server\jvm.dll
0x00007ffbdb040000 - 0x00007ffbdb0f2000 	C:\WINDOWS\System32\ADVAPI32.dll
0x00007ffbda4d0000 - 0x00007ffbda579000 	C:\WINDOWS\System32\sechost.dll
0x00007ffbd8e20000 - 0x00007ffbd8e48000 	C:\WINDOWS\System32\bcrypt.dll
0x00007ffbd93b0000 - 0x00007ffbd94c4000 	C:\WINDOWS\System32\RPCRT4.dll
0x00007ffbd86b0000 - 0x00007ffbd86fd000 	C:\WINDOWS\SYSTEM32\POWRPROF.dll
0x00007ffbd1060000 - 0x00007ffbd106a000 	C:\WINDOWS\SYSTEM32\VERSION.dll
0x00007ffbd1940000 - 0x00007ffbd1949000 	C:\WINDOWS\SYSTEM32\WSOCK32.dll
0x00007ffbda3f0000 - 0x00007ffbda461000 	C:\WINDOWS\System32\WS2_32.dll
0x00007ffbd4a50000 - 0x00007ffbd4a84000 	C:\WINDOWS\SYSTEM32\WINMM.dll
0x00007ffbd8690000 - 0x00007ffbd86a3000 	C:\WINDOWS\SYSTEM32\UMPDC.dll
0x00007ffbd77e0000 - 0x00007ffbd77f8000 	C:\WINDOWS\SYSTEM32\kernel.appcore.dll
0x00007ffbc5300000 - 0x00007ffbc530a000 	C:\Users\LIWEI\.jdks\jbr-17.0.9\bin\jimage.dll
0x00007ffbd5e10000 - 0x00007ffbd6042000 	C:\WINDOWS\SYSTEM32\DBGHELP.DLL
0x00007ffbda060000 - 0x00007ffbda3ed000 	C:\WINDOWS\System32\combase.dll
0x00007ffbdb1d0000 - 0x00007ffbdb2a7000 	C:\WINDOWS\System32\OLEAUT32.dll
0x00007ffbd4a10000 - 0x00007ffbd4a42000 	C:\WINDOWS\SYSTEM32\dbgcore.DLL
0x00007ffbd8a70000 - 0x00007ffbd8aeb000 	C:\WINDOWS\System32\bcryptPrimitives.dll
0x00007ffbc55b0000 - 0x00007ffbc55be000 	C:\Users\LIWEI\.jdks\jbr-17.0.9\bin\instrument.dll
0x00007ffbc4db0000 - 0x00007ffbc4dd5000 	C:\Users\LIWEI\.jdks\jbr-17.0.9\bin\java.dll
0x00007ffbc4d70000 - 0x00007ffbc4d88000 	C:\Users\LIWEI\.jdks\jbr-17.0.9\bin\zip.dll
0x00007ffb7d0c0000 - 0x00007ffb7d197000 	C:\Users\LIWEI\.jdks\jbr-17.0.9\bin\jsvml.dll
0x00007ffbda740000 - 0x00007ffbdafa8000 	C:\WINDOWS\System32\SHELL32.dll
0x00007ffbd66f0000 - 0x00007ffbd6fee000 	C:\WINDOWS\SYSTEM32\windows.storage.dll
0x00007ffbd65b0000 - 0x00007ffbd66ef000 	C:\WINDOWS\SYSTEM32\wintypes.dll
0x00007ffbdb2b0000 - 0x00007ffbdb3a9000 	C:\WINDOWS\System32\SHCORE.dll
0x00007ffbd9220000 - 0x00007ffbd927e000 	C:\WINDOWS\System32\shlwapi.dll
0x00007ffbd8720000 - 0x00007ffbd8741000 	C:\WINDOWS\SYSTEM32\profapi.dll

dbghelp: loaded successfully - version: 4.0.5 - missing functions: none
symbol engine: initialized successfully - sym options: 0x614 - pdb path: .;C:\Users\LIWEI\.jdks\jbr-17.0.9\bin;C:\WINDOWS\SYSTEM32;C:\WINDOWS\WinSxS\amd64_microsoft.windows.common-controls_6595b64144ccf1df_6.0.22621.3672_none_2713b9d173822955;C:\Users\LIWEI\.jdks\jbr-17.0.9\bin\server

VM Arguments:
jvm_args: -javaagent:D:\software\IntelliJ IDEA 2023.2\lib\idea_rt.jar=50320:D:\software\IntelliJ IDEA 2023.2\bin -Dfile.encoding=UTF-8 --module-path=D:\environment\apache-maven-3.9.3\Repository\org\openjfx\javafx-controls\21-ea+24\javafx-controls-21-ea+24-win.jar;E:\PVT\Project\Inspectra\target\classes;D:\environment\apache-maven-3.9.3\Repository\org\openjfx\javafx-fxml\21-ea+24\javafx-fxml-21-ea+24-win.jar;D:\environment\apache-maven-3.9.3\Repository\org\projectlombok\lombok\1.18.32\lombok-1.18.32.jar;D:\environment\apache-maven-3.9.3\Repository\org\controlsfx\controlsfx\11.1.2\controlsfx-11.1.2.jar;D:\environment\apache-maven-3.9.3\Repository\org\usb4java\usb4java\1.3.0\usb4java-1.3.0.jar;D:\environment\apache-maven-3.9.3\Repository\org\openjfx\javafx-graphics\21-ea+24\javafx-graphics-21-ea+24-win.jar;D:\environment\apache-maven-3.9.3\Repository\net\synedra\validatorfx\0.4.0\validatorfx-0.4.0.jar;D:\environment\apache-maven-3.9.3\Repository\org\usb4java\usb4java-javax\1.3.0\usb4java-javax-1.3.0.jar;D:\environment\apache-maven-3.9.3\Repository\org\slf4j\slf4j-api\2.0.13\slf4j-api-2.0.13.jar;D:\environment\apache-maven-3.9.3\Repository\ch\qos\logback\logback-core\1.5.6\logback-core-1.5.6.jar;D:\environment\apache-maven-3.9.3\Repository\javax\usb\usb-api\1.0.2\usb-api-1.0.2.jar;D:\environment\apache-maven-3.9.3\Repository\org\openjfx\javafx-base\21-ea+24\javafx-base-21-ea+24-win.jar;D:\environment\apache-maven-3.9.3\Repository\cn\hutool\hutool-all\5.8.26\hutool-all-5.8.26.jar;D:\environment\apache-maven-3.9.3\Repository\ch\qos\logback\logback-classic\1.5.6\logback-classic-1.5.6.jar;D:\environment\apache-maven-3.9.3\Repository\org\kordamp\bootstrapfx\bootstrapfx-core\0.4.0\bootstrapfx-core-0.4.0.jar -Djdk.module.main=com.pvetec.inspectra 
java_command: com.pvetec.inspectra/com.pvetec.inspectra.MainApplication
java_class_path (initial): D:\environment\apache-maven-3.9.3\Repository\org\apache\commons\commons-lang3\3.8.1\commons-lang3-3.8.1.jar;D:\environment\apache-maven-3.9.3\Repository\org\usb4java\libusb4java\1.3.0\libusb4java-1.3.0-linux-x86.jar;D:\environment\apache-maven-3.9.3\Repository\org\usb4java\libusb4java\1.3.0\libusb4java-1.3.0-linux-x86-64.jar;D:\environment\apache-maven-3.9.3\Repository\org\usb4java\libusb4java\1.3.0\libusb4java-1.3.0-win32-x86.jar;D:\environment\apache-maven-3.9.3\Repository\org\usb4java\libusb4java\1.3.0\libusb4java-1.3.0-win32-x86-64.jar;D:\environment\apache-maven-3.9.3\Repository\org\usb4java\libusb4java\1.3.0\libusb4java-1.3.0-darwin-x86-64.jar;D:\environment\apache-maven-3.9.3\Repository\org\usb4java\libusb4java\1.3.0\libusb4java-1.3.0-linux-arm.jar;D:\environment\apache-maven-3.9.3\Repository\org\usb4java\libusb4java\1.3.0\libusb4java-1.3.0-linux-aarch64.jar;D:\environment\apache-maven-3.9.3\Repository\org\openjfx\javafx-controls\21-ea+24\javafx-controls-21-ea+24.jar;D:\environment\apache-maven-3.9.3\Repository\org\openjfx\javafx-graphics\21-ea+24\javafx-graphics-21-ea+24.jar;D:\environment\apache-maven-3.9.3\Repository\org\openjfx\javafx-base\21-ea+24\javafx-base-21-ea+24.jar;D:\environment\apache-maven-3.9.3\Repository\org\openjfx\javafx-fxml\21-ea+24\javafx-fxml-21-ea+24.jar
Launcher Type: SUN_STANDARD

[Global flags]
     intx CICompilerCount                          = 12                                        {product} {ergonomic}
     uint ConcGCThreads                            = 3                                         {product} {ergonomic}
     uint G1ConcRefinementThreads                  = 13                                        {product} {ergonomic}
   size_t G1HeapRegionSize                         = 4194304                                   {product} {ergonomic}
    uintx GCDrainStackTargetSize                   = 64                                        {product} {ergonomic}
   size_t InitialHeapSize                          = 335544320                                 {product} {ergonomic}
   size_t MarkStackSize                            = 4194304                                   {product} {ergonomic}
   size_t MaxHeapSize                              = 5330960384                                {product} {ergonomic}
   size_t MaxNewSize                               = 3196059648                                {product} {ergonomic}
   size_t MinHeapDeltaBytes                        = 4194304                                   {product} {ergonomic}
   size_t MinHeapSize                              = 8388608                                   {product} {ergonomic}
    uintx NonNMethodCodeHeapSize                   = 7602480                                {pd product} {ergonomic}
    uintx NonProfiledCodeHeapSize                  = 122027880                              {pd product} {ergonomic}
    uintx ProfiledCodeHeapSize                     = 122027880                              {pd product} {ergonomic}
    uintx ReservedCodeCacheSize                    = 251658240                              {pd product} {ergonomic}
     bool SegmentedCodeCache                       = true                                      {product} {ergonomic}
   size_t SoftMaxHeapSize                          = 5330960384                             {manageable} {ergonomic}
     bool UseCompressedClassPointers               = true                           {product lp64_product} {ergonomic}
     bool UseCompressedOops                        = true                           {product lp64_product} {ergonomic}
     bool UseG1GC                                  = true                                      {product} {ergonomic}
     bool UseLargePagesIndividualAllocation        = false                                  {pd product} {ergonomic}

Logging:
Log output configuration:
 #0: stdout all=warning uptime,level,tags
 #1: stderr all=off uptime,level,tags

Environment Variables:
CLASSPATH=.;%JAVA_HOME%\lib;%JAVA_HOME%\lib\tools.jar
PATH=C:\Program Files (x86)\Common Files\Oracle\Java\javapath;D:\software\Borland\CBUILD~1\Bin;D:\software\Borland\CBUILD~1\Projects\Bpl;C:\Windows\system32;C:\Windows;C:\Windows\System32\Wbem;C:\Windows\System32\WindowsPowerShell\v1.0\;C:\Windows\System32\OpenSSH\;C:\Program Files (x86)\NVIDIA Corporation\PhysX\Common;C:\Program Files\NVIDIA Corporation\NVIDIA NvDLISR;C:\WINDOWS\system32;C:\WINDOWS;C:\WINDOWS\System32\Wbem;C:\WINDOWS\System32\WindowsPowerShell\v1.0\;C:\WINDOWS\System32\OpenSSH\;D:\environment\platform-tools;D:\environment\Node\;C:\ProgramData\chocolatey\bin;C:\Program Files (x86)\Microsoft SQL Server\90\Tools\binn\;%JAVA_HOME%\bin;D:\environment\gradle-8.2.1\gradle-8.2.1\bin;C:\Program Files\MySQL\MySQL Server 8.0\bin;D:\environment\mingw64\bin;C:\Program Files\Microsoft Visual Studio\2022\Community\MSBuild\Current\Bin;C:\Program Files\Microsoft SQL Server\130\Tools\Binn\;D:\environment\apache-maven-3.9.3\bin;D:\environment\ninjia;C:\Program Files\Git\cmd;D:\software\TortoiseSVN\bin;C:\Program Files (x86)\IVI Foundation\VISA\WinNT\Bin\;C:\Program Files\IVI Foundation\VISA\Win64\Bin\;C:\Program Files (x86)\IVI Foundation\VISA\WinNT\Bin;D:\environment\redis\;C:\Strawberry\c\bin;C:\Strawberry\perl\site\bin;C:\Strawberry\perl\bin;D:\software\XShell\;C:\Program Files\dotnet\;D:\environment\Erlang OTP\bin;c:\program files\esafenet\cobra docguard client;D:\software\Microsoft VS Code\bin;D:\software\Arm Performance Studio 2024.0\streamline;D:\software\Arm Performance Studio 2024.0\mali_offline_compiler;D:\software\Arm Performance Studio 2024.0\mali_offline_compiler\external
USERNAME=LIWEI
OS=Windows_NT
PROCESSOR_IDENTIFIER=AMD64 Family 25 Model 80 Stepping 0, AuthenticAMD
TMP=C:\Users\LIWEI\AppData\Local\Temp
TEMP=C:\Users\LIWEI\AppData\Local\Temp



Periodic native trim disabled

JNI global refs:
JNI global refs: 2, weak refs: 0

JNI global refs memory usage: 843, weak refs: 209

OOME stack traces (most recent first):
Classloader memory used:
Loader bootstrap                                                                       : 268K


---------------  S Y S T E M  ---------------

OS:
 Windows 11 , 64 bit Build 22621 (10.0.22621.3958)
OS uptime: 2 days 8:04 hours
Hyper-V role detected

CPU: total 16 (initial active 16) (16 cores per cpu, 2 threads per core) family 25 model 80 stepping 0 microcode 0x0, cx8, cmov, fxsr, ht, mmx, 3dnowpref, sse, sse2, sse3, ssse3, sse4a, sse4.1, sse4.2, popcnt, lzcnt, tsc, tscinvbit, avx, avx2, aes, erms, clmul, bmi1, bmi2, adx, sha, fma, vzeroupper, clflush, clflushopt, hv
Processor Information for all 16 processors :
  Max Mhz: 1901, Current Mhz: 1901, Mhz Limit: 1901

Memory: 4k page, system-wide physical 20332M (1755M free)
TotalPageFile size 45932M (AvailPageFile size 5M)
current process WorkingSet (physical memory assigned to process): 23M, peak: 24M
current process commit charge ("private bytes"): 409M, peak: 410M

vm_info: OpenJDK 64-Bit Server VM (17.0.9+7-b1087.7) for windows-amd64 JRE (17.0.9+7-b1087.7), built on 2023-11-17 by "builduser" with MS VC++ 16.10 / 16.11 (VS2019)

END.
