#
# There is insufficient memory for the Java Runtime Environment to continue.
# Native memory allocation (malloc) failed to allocate 386416 bytes for Chunk::new
# Possible reasons:
#   The system is out of physical RAM or swap space
#   The process is running with CompressedOops enabled, and the Java Heap may be blocking the growth of the native heap
# Possible solutions:
#   Reduce memory load on the system
#   Increase physical memory or swap space
#   Check if swap backing store is full
#   Decrease Java heap size (-Xmx/-Xms)
#   Decrease number of Java threads
#   Decrease Java thread stack sizes (-Xss)
#   Set larger code cache with -XX:ReservedCodeCacheSize=
#   JVM is running with Zero Based Compressed Oops mode in which the Java heap is
#     placed in the first 32GB address space. The Java Heap base address is the
#     maximum limit for the native heap growth. Please use -XX:HeapBaseMinAddress
#     to set the Java Heap base and to place the Java Heap above 32GB virtual address.
# This output file may be truncated or incomplete.
#
#  Out of Memory Error (arena.cpp:191), pid=102424, tid=100936
#
# JRE version: OpenJDK Runtime Environment JBR-17.0.9+7-1087.7-jcef (17.0.9+7) (build 17.0.9+7-b1087.7)
# Java VM: OpenJDK 64-Bit Server VM JBR-17.0.9+7-1087.7-jcef (17.0.9+7-b1087.7, mixed mode, tiered, compressed oops, compressed class ptrs, g1 gc, windows-amd64)
# No core dump will be written. Minidumps are not enabled by default on client versions of Windows
#

---------------  S U M M A R Y ------------

Command Line: -javaagent:D:\software\IntelliJ IDEA 2023.2\lib\idea_rt.jar=57511:D:\software\IntelliJ IDEA 2023.2\bin -Dfile.encoding=UTF-8 --module-path=D:\environment\apache-maven-3.9.3\Repository\ch\qos\logback\logback-core\1.5.6\logback-core-1.5.6.jar;E:\PVT\Project\Inspectra\target\classes;D:\environment\apache-maven-3.9.3\Repository\org\openjfx\javafx-base\21-ea+24\javafx-base-21-ea+24-win.jar;D:\environment\apache-maven-3.9.3\Repository\net\synedra\validatorfx\0.4.0\validatorfx-0.4.0.jar;D:\environment\apache-maven-3.9.3\Repository\org\projectlombok\lombok\1.18.32\lombok-1.18.32.jar;D:\environment\apache-maven-3.9.3\Repository\org\openjfx\javafx-controls\21-ea+24\javafx-controls-21-ea+24-win.jar;D:\environment\apache-maven-3.9.3\Repository\org\openjfx\javafx-fxml\21-ea+24\javafx-fxml-21-ea+24-win.jar;D:\environment\apache-maven-3.9.3\Repository\org\controlsfx\controlsfx\11.1.2\controlsfx-11.1.2.jar;D:\environment\apache-maven-3.9.3\Repository\javax\usb\usb-api\1.0.2\usb-api-1.0.2.jar;D:\environment\apache-maven-3.9.3\Repository\org\openjfx\javafx-graphics\21-ea+24\javafx-graphics-21-ea+24-win.jar;D:\environment\apache-maven-3.9.3\Repository\org\slf4j\slf4j-api\2.0.13\slf4j-api-2.0.13.jar;D:\environment\apache-maven-3.9.3\Repository\ch\qos\logback\logback-classic\1.5.6\logback-classic-1.5.6.jar;D:\environment\apache-maven-3.9.3\Repository\org\kordamp\bootstrapfx\bootstrapfx-core\0.4.0\bootstrapfx-core-0.4.0.jar;D:\environment\apache-maven-3.9.3\Repository\cn\hutool\hutool-all\5.8.26\hutool-all-5.8.26.jar -Djdk.module.main=com.pvetec.inspectra com.pvetec.inspectra/com.pvetec.inspectra.MainApplication

Host: AMD Ryzen 7 5800U with Radeon Graphics         , 16 cores, 19G,  Windows 11 , 64 bit Build 22621 (10.0.22621.3958)
Time: Mon Sep  2 15:59:05 2024  Windows 11 , 64 bit Build 22621 (10.0.22621.3958) elapsed time: 0.337369 seconds (0d 0h 0m 0s)

---------------  T H R E A D  ---------------

Current thread (0x000002baa6bfd960):  JavaThread "C2 CompilerThread1" daemon [_thread_in_native, id=100936, stack(0x000000f8c5200000,0x000000f8c5300000)]


Current CompileTask:
C2:    337  349       4       java.util.stream.ReferencePipeline$3$1::accept (23 bytes)

Stack: [0x000000f8c5200000,0x000000f8c5300000]
Native frames: (J=compiled Java code, j=interpreted, Vv=VM code, C=native code)
V  [jvm.dll+0x6886e9]
V  [jvm.dll+0x841e4a]
V  [jvm.dll+0x843a8e]
V  [jvm.dll+0x8440f3]
V  [jvm.dll+0x24c14f]
V  [jvm.dll+0xac44c]
V  [jvm.dll+0xaca9c]
V  [jvm.dll+0x2b376f]
V  [jvm.dll+0x590767]
V  [jvm.dll+0x226762]
V  [jvm.dll+0x226b4f]
V  [jvm.dll+0x21fc76]
V  [jvm.dll+0x21d0c1]
V  [jvm.dll+0x1a674d]
V  [jvm.dll+0x22d088]
V  [jvm.dll+0x22b1c0]
V  [jvm.dll+0x7f62f7]
V  [jvm.dll+0x7f06aa]
V  [jvm.dll+0x687565]
C  [ucrtbase.dll+0x29333]
C  [KERNEL32.DLL+0x1257d]
C  [ntdll.dll+0x5af28]


---------------  P R O C E S S  ---------------

Threads class SMR info:
_java_thread_list=0x000002baab2188d0, length=20, elements={
0x000002ba82677d30, 0x000002baa684f090, 0x000002baa6851f20, 0x000002baa68bf0e0,
0x000002baa68bfca0, 0x000002baa68c0860, 0x000002baa68c3840, 0x000002baa68c5860,
0x000002baa68d1680, 0x000002baa68d43b0, 0x000002baa697add0, 0x000002baa6a04f50,
0x000002baa6ae4df0, 0x000002baa6aec4f0, 0x000002baa6bfd960, 0x000002baa6aeb100,
0x000002baa6aebe80, 0x000002baab07a1f0, 0x000002baab6127c0, 0x000002baab62af20
}

Java Threads: ( => current thread )
  0x000002ba82677d30 JavaThread "main" [_thread_in_vm, id=101080, stack(0x000000f8c3e00000,0x000000f8c3f00000)]
  0x000002baa684f090 JavaThread "Reference Handler" daemon [_thread_blocked, id=104920, stack(0x000000f8c4500000,0x000000f8c4600000)]
  0x000002baa6851f20 JavaThread "Finalizer" daemon [_thread_blocked, id=104464, stack(0x000000f8c4600000,0x000000f8c4700000)]
  0x000002baa68bf0e0 JavaThread "Signal Dispatcher" daemon [_thread_blocked, id=97168, stack(0x000000f8c4700000,0x000000f8c4800000)]
  0x000002baa68bfca0 JavaThread "Attach Listener" daemon [_thread_blocked, id=37860, stack(0x000000f8c4800000,0x000000f8c4900000)]
  0x000002baa68c0860 JavaThread "Service Thread" daemon [_thread_blocked, id=102792, stack(0x000000f8c4900000,0x000000f8c4a00000)]
  0x000002baa68c3840 JavaThread "Monitor Deflation Thread" daemon [_thread_blocked, id=104340, stack(0x000000f8c4a00000,0x000000f8c4b00000)]
  0x000002baa68c5860 JavaThread "C2 CompilerThread0" daemon [_thread_in_native, id=88484, stack(0x000000f8c4b00000,0x000000f8c4c00000)]
  0x000002baa68d1680 JavaThread "C1 CompilerThread0" daemon [_thread_in_native, id=104992, stack(0x000000f8c4c00000,0x000000f8c4d00000)]
  0x000002baa68d43b0 JavaThread "Sweeper thread" daemon [_thread_blocked, id=104784, stack(0x000000f8c4d00000,0x000000f8c4e00000)]
  0x000002baa697add0 JavaThread "C1 CompilerThread1" daemon [_thread_blocked, id=105020, stack(0x000000f8c4e00000,0x000000f8c4f00000)]
  0x000002baa6a04f50 JavaThread "Common-Cleaner" daemon [_thread_blocked, id=104112, stack(0x000000f8c4f00000,0x000000f8c5000000)]
  0x000002baa6ae4df0 JavaThread "C1 CompilerThread2" daemon [_thread_in_native, id=100508, stack(0x000000f8c5000000,0x000000f8c5100000)]
  0x000002baa6aec4f0 JavaThread "C1 CompilerThread3" daemon [_thread_blocked, id=105292, stack(0x000000f8c5100000,0x000000f8c5200000)]
=>0x000002baa6bfd960 JavaThread "C2 CompilerThread1" daemon [_thread_in_native, id=100936, stack(0x000000f8c5200000,0x000000f8c5300000)]
  0x000002baa6aeb100 JavaThread "C2 CompilerThread2" daemon [_thread_in_native, id=95776, stack(0x000000f8c5300000,0x000000f8c5400000)]
  0x000002baa6aebe80 JavaThread "C2 CompilerThread3" daemon [_thread_in_native, id=105416, stack(0x000000f8c5400000,0x000000f8c5500000)]
  0x000002baab07a1f0 JavaThread "C2 CompilerThread4" daemon [_thread_in_native, id=105368, stack(0x000000f8c5500000,0x000000f8c5600000)]
  0x000002baab6127c0 JavaThread "C2 CompilerThread5" daemon [_thread_in_native, id=104932, stack(0x000000f8c5600000,0x000000f8c5700000)]
  0x000002baab62af20 JavaThread "C2 CompilerThread6" daemon [_thread_in_native, id=102072, stack(0x000000f8c5700000,0x000000f8c5800000)]

Other Threads:
  0x000002baa5af4d80 VMThread "VM Thread" [stack: 0x000000f8c4400000,0x000000f8c4500000] [id=102484]
  0x000002ba826f0c30 GCTaskThread "GC Thread#0" [stack: 0x000000f8c3f00000,0x000000f8c4000000] [id=104576]
  0x000002ba826fba50 ConcurrentGCThread "G1 Main Marker" [stack: 0x000000f8c4000000,0x000000f8c4100000] [id=97200]
  0x000002ba826fd480 ConcurrentGCThread "G1 Conc#0" [stack: 0x000000f8c4100000,0x000000f8c4200000] [id=102548]
  0x000002baa59998e0 ConcurrentGCThread "G1 Refine#0" [stack: 0x000000f8c4200000,0x000000f8c4300000] [id=105080]
  0x000002baa599a130 ConcurrentGCThread "G1 Service" [stack: 0x000000f8c4300000,0x000000f8c4400000] [id=104664]

Threads with active compile tasks:
C2 CompilerThread0      393  408       4       jdk.internal.module.Checks::isTypeName (49 bytes)
C1 CompilerThread0      393  477       3       java.util.HashMap::putVal (300 bytes)
C1 CompilerThread2      393  479       3       java.util.ImmutableCollections$Set12$1::<init> (32 bytes)
C2 CompilerThread1      394  349       4       java.util.stream.ReferencePipeline$3$1::accept (23 bytes)
C2 CompilerThread2      394  416       4       java.util.stream.ReferencePipeline$2$1::accept (27 bytes)
C2 CompilerThread3      394  402       4       java.util.HashMap::put (13 bytes)
C2 CompilerThread4      394  451   !   4       java.util.stream.ReferencePipeline$7$1::accept (127 bytes)
C2 CompilerThread5      394  450       4       java.util.HashSet::add (20 bytes)
C2 CompilerThread6      394  444   !   4       java.util.zip.ZipFile$EntrySpliterator::tryAdvance (99 bytes)

VM state: not at safepoint (normal execution)

VM Mutex/Monitor currently owned by a thread: None

Heap address: 0x00000006c2400000, size: 5084 MB, Compressed Oops mode: Zero based, Oop shift amount: 3

CDS archive(s) not mapped
Compressed class space mapped at: 0x0000000800000000-0x0000000840000000, reserved size: 1073741824
Narrow klass base: 0x0000000800000000, Narrow klass shift: 0, Narrow klass range: 0x40000000

GC Precious Log:
 CPUs: 16 total, 16 available
 Memory: 20332M
 Large Page Support: Disabled
 NUMA Support: Disabled
 Compressed Oops: Enabled (Zero based)
 Heap Region Size: 4M
 Heap Min Capacity: 8M
 Heap Initial Capacity: 320M
 Heap Max Capacity: 5084M
 Pre-touch: Disabled
 Parallel Workers: 13
 Concurrent Workers: 3
 Concurrent Refinement Workers: 13
 Periodic GC: Disabled

Heap:
 garbage-first heap   total 327680K, used 8192K [0x00000006c2400000, 0x0000000800000000)
  region size 4096K, 3 young (12288K), 0 survivors (0K)
 Metaspace       used 7125K, committed 7232K, reserved 1114112K
  class space    used 635K, committed 704K, reserved 1048576K

Heap Regions: E=young(eden), S=young(survivor), O=old, HS=humongous(starts), HC=humongous(continues), CS=collection set, F=free, OA=open archive, CA=closed archive, TAMS=top-at-mark-start (previous, next)
|   0|0x00000006c2400000, 0x00000006c2400000, 0x00000006c2800000|  0%| F|  |TAMS 0x00000006c2400000, 0x00000006c2400000| Untracked 
|   1|0x00000006c2800000, 0x00000006c2800000, 0x00000006c2c00000|  0%| F|  |TAMS 0x00000006c2800000, 0x00000006c2800000| Untracked 
|   2|0x00000006c2c00000, 0x00000006c2c00000, 0x00000006c3000000|  0%| F|  |TAMS 0x00000006c2c00000, 0x00000006c2c00000| Untracked 
|   3|0x00000006c3000000, 0x00000006c3000000, 0x00000006c3400000|  0%| F|  |TAMS 0x00000006c3000000, 0x00000006c3000000| Untracked 
|   4|0x00000006c3400000, 0x00000006c3400000, 0x00000006c3800000|  0%| F|  |TAMS 0x00000006c3400000, 0x00000006c3400000| Untracked 
|   5|0x00000006c3800000, 0x00000006c3800000, 0x00000006c3c00000|  0%| F|  |TAMS 0x00000006c3800000, 0x00000006c3800000| Untracked 
|   6|0x00000006c3c00000, 0x00000006c3c00000, 0x00000006c4000000|  0%| F|  |TAMS 0x00000006c3c00000, 0x00000006c3c00000| Untracked 
|   7|0x00000006c4000000, 0x00000006c4000000, 0x00000006c4400000|  0%| F|  |TAMS 0x00000006c4000000, 0x00000006c4000000| Untracked 
|   8|0x00000006c4400000, 0x00000006c4400000, 0x00000006c4800000|  0%| F|  |TAMS 0x00000006c4400000, 0x00000006c4400000| Untracked 
|   9|0x00000006c4800000, 0x00000006c4800000, 0x00000006c4c00000|  0%| F|  |TAMS 0x00000006c4800000, 0x00000006c4800000| Untracked 
|  10|0x00000006c4c00000, 0x00000006c4c00000, 0x00000006c5000000|  0%| F|  |TAMS 0x00000006c4c00000, 0x00000006c4c00000| Untracked 
|  11|0x00000006c5000000, 0x00000006c5000000, 0x00000006c5400000|  0%| F|  |TAMS 0x00000006c5000000, 0x00000006c5000000| Untracked 
|  12|0x00000006c5400000, 0x00000006c5400000, 0x00000006c5800000|  0%| F|  |TAMS 0x00000006c5400000, 0x00000006c5400000| Untracked 
|  13|0x00000006c5800000, 0x00000006c5800000, 0x00000006c5c00000|  0%| F|  |TAMS 0x00000006c5800000, 0x00000006c5800000| Untracked 
|  14|0x00000006c5c00000, 0x00000006c5c00000, 0x00000006c6000000|  0%| F|  |TAMS 0x00000006c5c00000, 0x00000006c5c00000| Untracked 
|  15|0x00000006c6000000, 0x00000006c6000000, 0x00000006c6400000|  0%| F|  |TAMS 0x00000006c6000000, 0x00000006c6000000| Untracked 
|  16|0x00000006c6400000, 0x00000006c6400000, 0x00000006c6800000|  0%| F|  |TAMS 0x00000006c6400000, 0x00000006c6400000| Untracked 
|  17|0x00000006c6800000, 0x00000006c6800000, 0x00000006c6c00000|  0%| F|  |TAMS 0x00000006c6800000, 0x00000006c6800000| Untracked 
|  18|0x00000006c6c00000, 0x00000006c6c00000, 0x00000006c7000000|  0%| F|  |TAMS 0x00000006c6c00000, 0x00000006c6c00000| Untracked 
|  19|0x00000006c7000000, 0x00000006c7000000, 0x00000006c7400000|  0%| F|  |TAMS 0x00000006c7000000, 0x00000006c7000000| Untracked 
|  20|0x00000006c7400000, 0x00000006c7400000, 0x00000006c7800000|  0%| F|  |TAMS 0x00000006c7400000, 0x00000006c7400000| Untracked 
|  21|0x00000006c7800000, 0x00000006c7800000, 0x00000006c7c00000|  0%| F|  |TAMS 0x00000006c7800000, 0x00000006c7800000| Untracked 
|  22|0x00000006c7c00000, 0x00000006c7c00000, 0x00000006c8000000|  0%| F|  |TAMS 0x00000006c7c00000, 0x00000006c7c00000| Untracked 
|  23|0x00000006c8000000, 0x00000006c8000000, 0x00000006c8400000|  0%| F|  |TAMS 0x00000006c8000000, 0x00000006c8000000| Untracked 
|  24|0x00000006c8400000, 0x00000006c8400000, 0x00000006c8800000|  0%| F|  |TAMS 0x00000006c8400000, 0x00000006c8400000| Untracked 
|  25|0x00000006c8800000, 0x00000006c8800000, 0x00000006c8c00000|  0%| F|  |TAMS 0x00000006c8800000, 0x00000006c8800000| Untracked 
|  26|0x00000006c8c00000, 0x00000006c8c00000, 0x00000006c9000000|  0%| F|  |TAMS 0x00000006c8c00000, 0x00000006c8c00000| Untracked 
|  27|0x00000006c9000000, 0x00000006c9000000, 0x00000006c9400000|  0%| F|  |TAMS 0x00000006c9000000, 0x00000006c9000000| Untracked 
|  28|0x00000006c9400000, 0x00000006c9400000, 0x00000006c9800000|  0%| F|  |TAMS 0x00000006c9400000, 0x00000006c9400000| Untracked 
|  29|0x00000006c9800000, 0x00000006c9800000, 0x00000006c9c00000|  0%| F|  |TAMS 0x00000006c9800000, 0x00000006c9800000| Untracked 
|  30|0x00000006c9c00000, 0x00000006c9c00000, 0x00000006ca000000|  0%| F|  |TAMS 0x00000006c9c00000, 0x00000006c9c00000| Untracked 
|  31|0x00000006ca000000, 0x00000006ca000000, 0x00000006ca400000|  0%| F|  |TAMS 0x00000006ca000000, 0x00000006ca000000| Untracked 
|  32|0x00000006ca400000, 0x00000006ca400000, 0x00000006ca800000|  0%| F|  |TAMS 0x00000006ca400000, 0x00000006ca400000| Untracked 
|  33|0x00000006ca800000, 0x00000006ca800000, 0x00000006cac00000|  0%| F|  |TAMS 0x00000006ca800000, 0x00000006ca800000| Untracked 
|  34|0x00000006cac00000, 0x00000006cac00000, 0x00000006cb000000|  0%| F|  |TAMS 0x00000006cac00000, 0x00000006cac00000| Untracked 
|  35|0x00000006cb000000, 0x00000006cb000000, 0x00000006cb400000|  0%| F|  |TAMS 0x00000006cb000000, 0x00000006cb000000| Untracked 
|  36|0x00000006cb400000, 0x00000006cb400000, 0x00000006cb800000|  0%| F|  |TAMS 0x00000006cb400000, 0x00000006cb400000| Untracked 
|  37|0x00000006cb800000, 0x00000006cb800000, 0x00000006cbc00000|  0%| F|  |TAMS 0x00000006cb800000, 0x00000006cb800000| Untracked 
|  38|0x00000006cbc00000, 0x00000006cbc00000, 0x00000006cc000000|  0%| F|  |TAMS 0x00000006cbc00000, 0x00000006cbc00000| Untracked 
|  39|0x00000006cc000000, 0x00000006cc000000, 0x00000006cc400000|  0%| F|  |TAMS 0x00000006cc000000, 0x00000006cc000000| Untracked 
|  40|0x00000006cc400000, 0x00000006cc400000, 0x00000006cc800000|  0%| F|  |TAMS 0x00000006cc400000, 0x00000006cc400000| Untracked 
|  41|0x00000006cc800000, 0x00000006cc800000, 0x00000006ccc00000|  0%| F|  |TAMS 0x00000006cc800000, 0x00000006cc800000| Untracked 
|  42|0x00000006ccc00000, 0x00000006ccc00000, 0x00000006cd000000|  0%| F|  |TAMS 0x00000006ccc00000, 0x00000006ccc00000| Untracked 
|  43|0x00000006cd000000, 0x00000006cd000000, 0x00000006cd400000|  0%| F|  |TAMS 0x00000006cd000000, 0x00000006cd000000| Untracked 
|  44|0x00000006cd400000, 0x00000006cd400000, 0x00000006cd800000|  0%| F|  |TAMS 0x00000006cd400000, 0x00000006cd400000| Untracked 
|  45|0x00000006cd800000, 0x00000006cd800000, 0x00000006cdc00000|  0%| F|  |TAMS 0x00000006cd800000, 0x00000006cd800000| Untracked 
|  46|0x00000006cdc00000, 0x00000006cdc00000, 0x00000006ce000000|  0%| F|  |TAMS 0x00000006cdc00000, 0x00000006cdc00000| Untracked 
|  47|0x00000006ce000000, 0x00000006ce000000, 0x00000006ce400000|  0%| F|  |TAMS 0x00000006ce000000, 0x00000006ce000000| Untracked 
|  48|0x00000006ce400000, 0x00000006ce400000, 0x00000006ce800000|  0%| F|  |TAMS 0x00000006ce400000, 0x00000006ce400000| Untracked 
|  49|0x00000006ce800000, 0x00000006ce800000, 0x00000006cec00000|  0%| F|  |TAMS 0x00000006ce800000, 0x00000006ce800000| Untracked 
|  50|0x00000006cec00000, 0x00000006cec00000, 0x00000006cf000000|  0%| F|  |TAMS 0x00000006cec00000, 0x00000006cec00000| Untracked 
|  51|0x00000006cf000000, 0x00000006cf000000, 0x00000006cf400000|  0%| F|  |TAMS 0x00000006cf000000, 0x00000006cf000000| Untracked 
|  52|0x00000006cf400000, 0x00000006cf400000, 0x00000006cf800000|  0%| F|  |TAMS 0x00000006cf400000, 0x00000006cf400000| Untracked 
|  53|0x00000006cf800000, 0x00000006cf800000, 0x00000006cfc00000|  0%| F|  |TAMS 0x00000006cf800000, 0x00000006cf800000| Untracked 
|  54|0x00000006cfc00000, 0x00000006cfc00000, 0x00000006d0000000|  0%| F|  |TAMS 0x00000006cfc00000, 0x00000006cfc00000| Untracked 
|  55|0x00000006d0000000, 0x00000006d0000000, 0x00000006d0400000|  0%| F|  |TAMS 0x00000006d0000000, 0x00000006d0000000| Untracked 
|  56|0x00000006d0400000, 0x00000006d0400000, 0x00000006d0800000|  0%| F|  |TAMS 0x00000006d0400000, 0x00000006d0400000| Untracked 
|  57|0x00000006d0800000, 0x00000006d0800000, 0x00000006d0c00000|  0%| F|  |TAMS 0x00000006d0800000, 0x00000006d0800000| Untracked 
|  58|0x00000006d0c00000, 0x00000006d0c00000, 0x00000006d1000000|  0%| F|  |TAMS 0x00000006d0c00000, 0x00000006d0c00000| Untracked 
|  59|0x00000006d1000000, 0x00000006d1000000, 0x00000006d1400000|  0%| F|  |TAMS 0x00000006d1000000, 0x00000006d1000000| Untracked 
|  60|0x00000006d1400000, 0x00000006d1400000, 0x00000006d1800000|  0%| F|  |TAMS 0x00000006d1400000, 0x00000006d1400000| Untracked 
|  61|0x00000006d1800000, 0x00000006d1800000, 0x00000006d1c00000|  0%| F|  |TAMS 0x00000006d1800000, 0x00000006d1800000| Untracked 
|  62|0x00000006d1c00000, 0x00000006d1c00000, 0x00000006d2000000|  0%| F|  |TAMS 0x00000006d1c00000, 0x00000006d1c00000| Untracked 
|  63|0x00000006d2000000, 0x00000006d2000000, 0x00000006d2400000|  0%| F|  |TAMS 0x00000006d2000000, 0x00000006d2000000| Untracked 
|  64|0x00000006d2400000, 0x00000006d2400000, 0x00000006d2800000|  0%| F|  |TAMS 0x00000006d2400000, 0x00000006d2400000| Untracked 
|  65|0x00000006d2800000, 0x00000006d2800000, 0x00000006d2c00000|  0%| F|  |TAMS 0x00000006d2800000, 0x00000006d2800000| Untracked 
|  66|0x00000006d2c00000, 0x00000006d2c00000, 0x00000006d3000000|  0%| F|  |TAMS 0x00000006d2c00000, 0x00000006d2c00000| Untracked 
|  67|0x00000006d3000000, 0x00000006d3000000, 0x00000006d3400000|  0%| F|  |TAMS 0x00000006d3000000, 0x00000006d3000000| Untracked 
|  68|0x00000006d3400000, 0x00000006d3400000, 0x00000006d3800000|  0%| F|  |TAMS 0x00000006d3400000, 0x00000006d3400000| Untracked 
|  69|0x00000006d3800000, 0x00000006d3800000, 0x00000006d3c00000|  0%| F|  |TAMS 0x00000006d3800000, 0x00000006d3800000| Untracked 
|  70|0x00000006d3c00000, 0x00000006d3c00000, 0x00000006d4000000|  0%| F|  |TAMS 0x00000006d3c00000, 0x00000006d3c00000| Untracked 
|  71|0x00000006d4000000, 0x00000006d4000000, 0x00000006d4400000|  0%| F|  |TAMS 0x00000006d4000000, 0x00000006d4000000| Untracked 
|  72|0x00000006d4400000, 0x00000006d4400000, 0x00000006d4800000|  0%| F|  |TAMS 0x00000006d4400000, 0x00000006d4400000| Untracked 
|  73|0x00000006d4800000, 0x00000006d4800000, 0x00000006d4c00000|  0%| F|  |TAMS 0x00000006d4800000, 0x00000006d4800000| Untracked 
|  74|0x00000006d4c00000, 0x00000006d4c00000, 0x00000006d5000000|  0%| F|  |TAMS 0x00000006d4c00000, 0x00000006d4c00000| Untracked 
|  75|0x00000006d5000000, 0x00000006d5000000, 0x00000006d5400000|  0%| F|  |TAMS 0x00000006d5000000, 0x00000006d5000000| Untracked 
|  76|0x00000006d5400000, 0x00000006d5400000, 0x00000006d5800000|  0%| F|  |TAMS 0x00000006d5400000, 0x00000006d5400000| Untracked 
|  77|0x00000006d5800000, 0x00000006d5b381c8, 0x00000006d5c00000| 80%| E|  |TAMS 0x00000006d5800000, 0x00000006d5800000| Complete 
|  78|0x00000006d5c00000, 0x00000006d6000000, 0x00000006d6000000|100%| E|CS|TAMS 0x00000006d5c00000, 0x00000006d5c00000| Complete 
|  79|0x00000006d6000000, 0x00000006d6400000, 0x00000006d6400000|100%| E|CS|TAMS 0x00000006d6000000, 0x00000006d6000000| Complete 

Card table byte_map: [0x000002ba983a0000,0x000002ba98d90000] _byte_map_base: 0x000002ba94d8e000

Marking Bits (Prev, Next): (CMBitMap*) 0x000002ba826f1250, (CMBitMap*) 0x000002ba826f1290
 Prev Bits: [0x000002ba99780000, 0x000002ba9e6f0000)
 Next Bits: [0x000002ba9e6f0000, 0x000002baa3660000)

Polling page: 0x000002ba82720000

Metaspace:

Usage:
  Non-class:      6.34 MB used.
      Class:    635.66 KB used.
       Both:      6.96 MB used.

Virtual space:
  Non-class space:       64.00 MB reserved,       6.38 MB ( 10%) committed,  1 nodes.
      Class space:        1.00 GB reserved,     704.00 KB ( <1%) committed,  1 nodes.
             Both:        1.06 GB reserved,       7.06 MB ( <1%) committed. 

Chunk freelists:
   Non-Class:  9.00 MB
       Class:  15.25 MB
        Both:  24.25 MB

MaxMetaspaceSize: unlimited
CompressedClassSpaceSize: 1.00 GB
Initial GC threshold: 21.00 MB
Current GC threshold: 21.00 MB
CDS: off
MetaspaceReclaimPolicy: balanced
 - commit_granule_bytes: 65536.
 - commit_granule_words: 8192.
 - virtual_space_node_default_size: 8388608.
 - enlarge_chunks_in_place: 1.
 - new_chunks_are_fully_committed: 0.
 - uncommit_free_chunks: 1.
 - use_allocation_guard: 0.
 - handle_deallocations: 1.


Internal statistics:

num_allocs_failed_limit: 0.
num_arena_births: 10.
num_arena_deaths: 0.
num_vsnodes_births: 2.
num_vsnodes_deaths: 0.
num_space_committed: 113.
num_space_uncommitted: 0.
num_chunks_returned_to_freelist: 0.
num_chunks_taken_from_freelist: 28.
num_chunk_merges: 0.
num_chunk_splits: 11.
num_chunks_enlarged: 4.
num_inconsistent_stats: 0.

CodeHeap 'non-profiled nmethods': size=119168Kb used=127Kb max_used=127Kb free=119040Kb
 bounds [0x000002ba8f5a0000, 0x000002ba8f810000, 0x000002ba96a00000]
CodeHeap 'profiled nmethods': size=119104Kb used=680Kb max_used=680Kb free=118424Kb
 bounds [0x000002ba87a00000, 0x000002ba87c70000, 0x000002ba8ee50000]
CodeHeap 'non-nmethods': size=7488Kb used=2797Kb max_used=2828Kb free=4690Kb
 bounds [0x000002ba8ee50000, 0x000002ba8f120000, 0x000002ba8f5a0000]
 total_blobs=844 nmethods=458 adapters=296
 compilation: enabled
              stopped_count=0, restarted_count=0
 full_count=0

Compilation events (20 events):
Event: 0.319 Thread 0x000002baa6aebe80 nmethod 410 0x000002ba8f5bb190 code [0x000002ba8f5bb320, 0x000002ba8f5bb558]
Event: 0.319 Thread 0x000002baa6aebe80  402       4       java.util.HashMap::put (13 bytes)
Event: 0.319 Thread 0x000002baa6aec4f0  422       3       jdk.internal.module.ModuleInfo$ConstantPool$IndexEntry::<init> (11 bytes)
Event: 0.320 Thread 0x000002baa68d1680  423       3       jdk.internal.module.ModuleInfo$ConstantPool::decodeModuleName (142 bytes)
Event: 0.320 Thread 0x000002baa6aec4f0 nmethod 422 0x000002ba87a96b90 code [0x000002ba87a96d40, 0x000002ba87a96f18]
Event: 0.320 Thread 0x000002baa6ae4df0  424       3       java.util.HashMap::keysToArray (81 bytes)
Event: 0.320 Thread 0x000002baa6aec4f0  425       3       java.util.ImmutableCollections$Set12$1::next (95 bytes)
Event: 0.320 Thread 0x000002baa6ae4df0 nmethod 424 0x000002ba87a97010 code [0x000002ba87a971e0, 0x000002ba87a976b8]
Event: 0.320 Thread 0x000002baa6aec4f0 nmethod 425 0x000002ba87a97890 code [0x000002ba87a97a40, 0x000002ba87a97ce8]
Event: 0.321 Thread 0x000002baa68d1680 nmethod 423 0x000002ba87a97e10 code [0x000002ba87a98180, 0x000002ba87a99218]
Event: 0.322 Thread 0x000002baa68d1680  426       3       jdk.internal.module.ModuleInfo$ConstantPool::getPackageName (73 bytes)
Event: 0.323 Thread 0x000002baa6ae4df0  427       1       java.util.Spliterators$EmptySpliterator::characteristics (4 bytes)
Event: 0.323 Thread 0x000002baa6ae4df0 nmethod 427 0x000002ba8f5bb790 code [0x000002ba8f5bb920, 0x000002ba8f5bb9f8]
Event: 0.323 Thread 0x000002baa697add0  428       3       java.util.HashSet::<init> (40 bytes)
Event: 0.324 Thread 0x000002baa697add0 nmethod 428 0x000002ba87a99890 code [0x000002ba87a99aa0, 0x000002ba87a9a0a8]
Event: 0.324 Thread 0x000002baa68d1680 nmethod 426 0x000002ba87a9a290 code [0x000002ba87a9a520, 0x000002ba87a9ae18]
Event: 0.324 Thread 0x000002baa6ae4df0  429       3       java.lang.ThreadLocal::getMap (5 bytes)
Event: 0.324 Thread 0x000002baab07a1f0 nmethod 393 0x000002ba8f5bba90 code [0x000002ba8f5bbc40, 0x000002ba8f5bc448]
Event: 0.325 Thread 0x000002baa6ae4df0 nmethod 429 0x000002ba87a9b210 code [0x000002ba87a9b3a0, 0x000002ba87a9b4b8]
Event: 0.325 Thread 0x000002baab07a1f0  409       4       java.lang.String::checkBoundsOffCount (64 bytes)

GC Heap History (0 events):
No events

Dll operation events (2 events):
Event: 0.014 Loaded shared library C:\Users\LIWEI\.jdks\jbr-17.0.9\bin\java.dll
Event: 0.042 Loaded shared library C:\Users\LIWEI\.jdks\jbr-17.0.9\bin\jsvml.dll

Deoptimization events (20 events):
Event: 0.270 Thread 0x000002ba82677d30 DEOPT PACKING pc=0x000002ba87a55456 sp=0x000000f8c3efddb0
Event: 0.270 Thread 0x000002ba82677d30 DEOPT UNPACKING pc=0x000002ba8eea7143 sp=0x000000f8c3efd250 mode 0
Event: 0.271 Thread 0x000002ba82677d30 DEOPT PACKING pc=0x000002ba87a55456 sp=0x000000f8c3efddc0
Event: 0.271 Thread 0x000002ba82677d30 DEOPT UNPACKING pc=0x000002ba8eea7143 sp=0x000000f8c3efd248 mode 0
Event: 0.271 Thread 0x000002ba82677d30 DEOPT PACKING pc=0x000002ba87a55456 sp=0x000000f8c3efddc0
Event: 0.271 Thread 0x000002ba82677d30 DEOPT UNPACKING pc=0x000002ba8eea7143 sp=0x000000f8c3efd248 mode 0
Event: 0.272 Thread 0x000002ba82677d30 DEOPT PACKING pc=0x000002ba87a55456 sp=0x000000f8c3efddc0
Event: 0.272 Thread 0x000002ba82677d30 DEOPT UNPACKING pc=0x000002ba8eea7143 sp=0x000000f8c3efd248 mode 0
Event: 0.272 Thread 0x000002ba82677d30 DEOPT PACKING pc=0x000002ba87a028e7 sp=0x000000f8c3efdd60
Event: 0.272 Thread 0x000002ba82677d30 DEOPT UNPACKING pc=0x000002ba8eea7143 sp=0x000000f8c3efd180 mode 0
Event: 0.273 Thread 0x000002ba82677d30 DEOPT PACKING pc=0x000002ba87a55456 sp=0x000000f8c3efddc0
Event: 0.273 Thread 0x000002ba82677d30 DEOPT UNPACKING pc=0x000002ba8eea7143 sp=0x000000f8c3efd248 mode 0
Event: 0.273 Thread 0x000002ba82677d30 DEOPT PACKING pc=0x000002ba87a55456 sp=0x000000f8c3efddc0
Event: 0.273 Thread 0x000002ba82677d30 DEOPT UNPACKING pc=0x000002ba8eea7143 sp=0x000000f8c3efd248 mode 0
Event: 0.274 Thread 0x000002ba82677d30 DEOPT PACKING pc=0x000002ba87a55456 sp=0x000000f8c3efddc0
Event: 0.274 Thread 0x000002ba82677d30 DEOPT UNPACKING pc=0x000002ba8eea7143 sp=0x000000f8c3efd248 mode 0
Event: 0.274 Thread 0x000002ba82677d30 DEOPT PACKING pc=0x000002ba87a028e7 sp=0x000000f8c3efdd60
Event: 0.274 Thread 0x000002ba82677d30 DEOPT UNPACKING pc=0x000002ba8eea7143 sp=0x000000f8c3efd180 mode 0
Event: 0.275 Thread 0x000002ba82677d30 DEOPT PACKING pc=0x000002ba87a55456 sp=0x000000f8c3efddc0
Event: 0.275 Thread 0x000002ba82677d30 DEOPT UNPACKING pc=0x000002ba8eea7143 sp=0x000000f8c3efd248 mode 0

Classes unloaded (0 events):
No events

Classes redefined (0 events):
No events

Internal exceptions (2 events):
Event: 0.214 Thread 0x000002ba82677d30 Exception <a 'java/lang/NoSuchMethodError'{0x00000006d6263d28}: 'void java.lang.invoke.DirectMethodHandle$Holder.invokeVirtual(java.lang.Object, java.lang.Object)'> (0x00000006d6263d28) 
thrown [s\src\hotspot\share\interpreter\linkResolver.cpp, line 771]
Event: 0.259 Thread 0x000002ba82677d30 Exception <a 'java/lang/NoSuchMethodError'{0x00000006d63d0250}: 'void java.lang.invoke.DirectMethodHandle$Holder.invokeSpecial(java.lang.Object, java.lang.Object, java.lang.Object)'> (0x00000006d63d0250) 
thrown [s\src\hotspot\share\interpreter\linkResolver.cpp, line 771]

VM Operations (2 events):
Event: 0.300 Executing VM operation: HandshakeAllThreads
Event: 0.300 Executing VM operation: HandshakeAllThreads done

Events (20 events):
Event: 0.297 loading class java/util/regex/ASCII
Event: 0.297 loading class java/util/regex/ASCII done
Event: 0.299 loading class java/util/stream/Collectors$Partition
Event: 0.299 loading class java/util/stream/Collectors$Partition done
Event: 0.301 loading class java/util/stream/Collectors$Partition$1
Event: 0.301 loading class java/util/stream/Collectors$Partition$1 done
Event: 0.301 loading class java/util/AbstractMap$SimpleImmutableEntry
Event: 0.301 loading class java/util/AbstractMap$SimpleImmutableEntry done
Event: 0.301 loading class java/util/HashMap$KeySpliterator
Event: 0.301 loading class java/util/HashMap$HashMapSpliterator
Event: 0.301 loading class java/util/HashMap$HashMapSpliterator done
Event: 0.301 loading class java/util/HashMap$KeySpliterator done
Event: 0.302 loading class java/util/stream/DistinctOps
Event: 0.302 loading class java/util/stream/DistinctOps done
Event: 0.302 loading class java/util/stream/DistinctOps$1
Event: 0.302 loading class java/util/stream/ReferencePipeline$StatefulOp
Event: 0.302 loading class java/util/stream/ReferencePipeline$StatefulOp done
Event: 0.302 loading class java/util/stream/DistinctOps$1 done
Event: 0.302 loading class java/util/stream/DistinctOps$1$2
Event: 0.302 loading class java/util/stream/DistinctOps$1$2 done


Dynamic libraries:
0x00007ff75e710000 - 0x00007ff75e71a000 	C:\Users\LIWEI\.jdks\jbr-17.0.9\bin\java.exe
0x00007ffbdb4d0000 - 0x00007ffbdb6e7000 	C:\WINDOWS\SYSTEM32\ntdll.dll
0x00007ffbd9f90000 - 0x00007ffbda054000 	C:\WINDOWS\System32\KERNEL32.DLL
0x00007ffbd8e50000 - 0x00007ffbd91fd000 	C:\WINDOWS\System32\KERNELBASE.dll
0x00007ffbd8bb0000 - 0x00007ffbd8cc1000 	C:\WINDOWS\System32\ucrtbase.dll
0x00007ffbc52c0000 - 0x00007ffbc52db000 	C:\Users\LIWEI\.jdks\jbr-17.0.9\bin\VCRUNTIME140.dll
0x00007ffbc4d70000 - 0x00007ffbc4d87000 	C:\Users\LIWEI\.jdks\jbr-17.0.9\bin\jli.dll
0x00007ffbda580000 - 0x00007ffbda72e000 	C:\WINDOWS\System32\USER32.dll
0x00007ffbd8df0000 - 0x00007ffbd8e16000 	C:\WINDOWS\System32\win32u.dll
0x00007ffbdb460000 - 0x00007ffbdb489000 	C:\WINDOWS\System32\GDI32.dll
0x00007ffbd8cd0000 - 0x00007ffbd8de9000 	C:\WINDOWS\System32\gdi32full.dll
0x00007ffbd89d0000 - 0x00007ffbd8a6a000 	C:\WINDOWS\System32\msvcp_win.dll
0x00007ffbbf820000 - 0x00007ffbbfab3000 	C:\WINDOWS\WinSxS\amd64_microsoft.windows.common-controls_6595b64144ccf1df_6.0.22621.3672_none_2713b9d173822955\COMCTL32.dll
0x00007ffbd9280000 - 0x00007ffbd9327000 	C:\WINDOWS\System32\msvcrt.dll
0x00007ffbd97f0000 - 0x00007ffbd9821000 	C:\WINDOWS\System32\IMM32.DLL
0x00007ffbc52b0000 - 0x00007ffbc52bc000 	C:\Users\LIWEI\.jdks\jbr-17.0.9\bin\vcruntime140_1.dll
0x00007ffb7bfa0000 - 0x00007ffb7c02d000 	C:\Users\LIWEI\.jdks\jbr-17.0.9\bin\msvcp140.dll
0x00007ffb27e10000 - 0x00007ffb28a93000 	C:\Users\LIWEI\.jdks\jbr-17.0.9\bin\server\jvm.dll
0x00007ffbdb040000 - 0x00007ffbdb0f2000 	C:\WINDOWS\System32\ADVAPI32.dll
0x00007ffbda4d0000 - 0x00007ffbda579000 	C:\WINDOWS\System32\sechost.dll
0x00007ffbd8e20000 - 0x00007ffbd8e48000 	C:\WINDOWS\System32\bcrypt.dll
0x00007ffbd93b0000 - 0x00007ffbd94c4000 	C:\WINDOWS\System32\RPCRT4.dll
0x00007ffbd4a50000 - 0x00007ffbd4a84000 	C:\WINDOWS\SYSTEM32\WINMM.dll
0x00007ffbd1940000 - 0x00007ffbd1949000 	C:\WINDOWS\SYSTEM32\WSOCK32.dll
0x00007ffbd86b0000 - 0x00007ffbd86fd000 	C:\WINDOWS\SYSTEM32\POWRPROF.dll
0x00007ffbd1060000 - 0x00007ffbd106a000 	C:\WINDOWS\SYSTEM32\VERSION.dll
0x00007ffbda3f0000 - 0x00007ffbda461000 	C:\WINDOWS\System32\WS2_32.dll
0x00007ffbd8690000 - 0x00007ffbd86a3000 	C:\WINDOWS\SYSTEM32\UMPDC.dll
0x00007ffbd77e0000 - 0x00007ffbd77f8000 	C:\WINDOWS\SYSTEM32\kernel.appcore.dll
0x00007ffbc51a0000 - 0x00007ffbc51aa000 	C:\Users\LIWEI\.jdks\jbr-17.0.9\bin\jimage.dll
0x00007ffbd5e10000 - 0x00007ffbd6042000 	C:\WINDOWS\SYSTEM32\DBGHELP.DLL
0x00007ffbda060000 - 0x00007ffbda3ed000 	C:\WINDOWS\System32\combase.dll
0x00007ffbdb1d0000 - 0x00007ffbdb2a7000 	C:\WINDOWS\System32\OLEAUT32.dll
0x00007ffbd4a10000 - 0x00007ffbd4a42000 	C:\WINDOWS\SYSTEM32\dbgcore.DLL
0x00007ffbd8a70000 - 0x00007ffbd8aeb000 	C:\WINDOWS\System32\bcryptPrimitives.dll
0x00007ffbd1170000 - 0x00007ffbd117e000 	C:\Users\LIWEI\.jdks\jbr-17.0.9\bin\instrument.dll
0x00007ffbb3710000 - 0x00007ffbb3735000 	C:\Users\LIWEI\.jdks\jbr-17.0.9\bin\java.dll
0x00007ffbc3940000 - 0x00007ffbc3958000 	C:\Users\LIWEI\.jdks\jbr-17.0.9\bin\zip.dll
0x00007ffb40a10000 - 0x00007ffb40ae7000 	C:\Users\LIWEI\.jdks\jbr-17.0.9\bin\jsvml.dll
0x00007ffbda740000 - 0x00007ffbdafa8000 	C:\WINDOWS\System32\SHELL32.dll
0x00007ffbd66f0000 - 0x00007ffbd6fee000 	C:\WINDOWS\SYSTEM32\windows.storage.dll
0x00007ffbd65b0000 - 0x00007ffbd66ef000 	C:\WINDOWS\SYSTEM32\wintypes.dll
0x00007ffbdb2b0000 - 0x00007ffbdb3a9000 	C:\WINDOWS\System32\SHCORE.dll
0x00007ffbd9220000 - 0x00007ffbd927e000 	C:\WINDOWS\System32\shlwapi.dll
0x00007ffbd8720000 - 0x00007ffbd8741000 	C:\WINDOWS\SYSTEM32\profapi.dll
0x00007ffbc06b0000 - 0x00007ffbc06c9000 	C:\Users\LIWEI\.jdks\jbr-17.0.9\bin\net.dll
0x00007ffbd2630000 - 0x00007ffbd2766000 	C:\WINDOWS\SYSTEM32\WINHTTP.dll
0x00007ffbd7c40000 - 0x00007ffbd7ca9000 	C:\WINDOWS\system32\mswsock.dll
0x00007ffbb34f0000 - 0x00007ffbb3506000 	C:\Users\LIWEI\.jdks\jbr-17.0.9\bin\nio.dll

dbghelp: loaded successfully - version: 4.0.5 - missing functions: none
symbol engine: initialized successfully - sym options: 0x614 - pdb path: .;C:\Users\LIWEI\.jdks\jbr-17.0.9\bin;C:\WINDOWS\SYSTEM32;C:\WINDOWS\WinSxS\amd64_microsoft.windows.common-controls_6595b64144ccf1df_6.0.22621.3672_none_2713b9d173822955;C:\Users\LIWEI\.jdks\jbr-17.0.9\bin\server

VM Arguments:
jvm_args: -javaagent:D:\software\IntelliJ IDEA 2023.2\lib\idea_rt.jar=57511:D:\software\IntelliJ IDEA 2023.2\bin -Dfile.encoding=UTF-8 --module-path=D:\environment\apache-maven-3.9.3\Repository\ch\qos\logback\logback-core\1.5.6\logback-core-1.5.6.jar;E:\PVT\Project\Inspectra\target\classes;D:\environment\apache-maven-3.9.3\Repository\org\openjfx\javafx-base\21-ea+24\javafx-base-21-ea+24-win.jar;D:\environment\apache-maven-3.9.3\Repository\net\synedra\validatorfx\0.4.0\validatorfx-0.4.0.jar;D:\environment\apache-maven-3.9.3\Repository\org\projectlombok\lombok\1.18.32\lombok-1.18.32.jar;D:\environment\apache-maven-3.9.3\Repository\org\openjfx\javafx-controls\21-ea+24\javafx-controls-21-ea+24-win.jar;D:\environment\apache-maven-3.9.3\Repository\org\openjfx\javafx-fxml\21-ea+24\javafx-fxml-21-ea+24-win.jar;D:\environment\apache-maven-3.9.3\Repository\org\controlsfx\controlsfx\11.1.2\controlsfx-11.1.2.jar;D:\environment\apache-maven-3.9.3\Repository\javax\usb\usb-api\1.0.2\usb-api-1.0.2.jar;D:\environment\apache-maven-3.9.3\Repository\org\openjfx\javafx-graphics\21-ea+24\javafx-graphics-21-ea+24-win.jar;D:\environment\apache-maven-3.9.3\Repository\org\slf4j\slf4j-api\2.0.13\slf4j-api-2.0.13.jar;D:\environment\apache-maven-3.9.3\Repository\ch\qos\logback\logback-classic\1.5.6\logback-classic-1.5.6.jar;D:\environment\apache-maven-3.9.3\Repository\org\kordamp\bootstrapfx\bootstrapfx-core\0.4.0\bootstrapfx-core-0.4.0.jar;D:\environment\apache-maven-3.9.3\Repository\cn\hutool\hutool-all\5.8.26\hutool-all-5.8.26.jar -Djdk.module.main=com.pvetec.inspectra 
java_command: com.pvetec.inspectra/com.pvetec.inspectra.MainApplication
java_class_path (initial): D:\environment\apache-maven-3.9.3\Repository\org\usb4java\usb4java-javax\1.3.0\usb4java-javax-1.3.0.jar;D:\environment\apache-maven-3.9.3\Repository\org\apache\commons\commons-lang3\3.8.1\commons-lang3-3.8.1.jar;D:\environment\apache-maven-3.9.3\Repository\org\usb4java\usb4java\1.3.0\usb4java-1.3.0.jar;D:\environment\apache-maven-3.9.3\Repository\org\usb4java\libusb4java\1.3.0\libusb4java-1.3.0-linux-x86.jar;D:\environment\apache-maven-3.9.3\Repository\org\usb4java\libusb4java\1.3.0\libusb4java-1.3.0-linux-x86-64.jar;D:\environment\apache-maven-3.9.3\Repository\org\usb4java\libusb4java\1.3.0\libusb4java-1.3.0-win32-x86.jar;D:\environment\apache-maven-3.9.3\Repository\org\usb4java\libusb4java\1.3.0\libusb4java-1.3.0-win32-x86-64.jar;D:\environment\apache-maven-3.9.3\Repository\org\usb4java\libusb4java\1.3.0\libusb4java-1.3.0-darwin-x86-64.jar;D:\environment\apache-maven-3.9.3\Repository\org\usb4java\libusb4java\1.3.0\libusb4java-1.3.0-linux-arm.jar;D:\environment\apache-maven-3.9.3\Repository\org\usb4java\libusb4java\1.3.0\libusb4java-1.3.0-linux-aarch64.jar;D:\environment\apache-maven-3.9.3\Repository\org\openjfx\javafx-controls\21-ea+24\javafx-controls-21-ea+24.jar;D:\environment\apache-maven-3.9.3\Repository\org\openjfx\javafx-graphics\21-ea+24\javafx-graphics-21-ea+24.jar;D:\environment\apache-maven-3.9.3\Repository\org\openjfx\javafx-base\21-ea+24\javafx-base-21-ea+24.jar;D:\environment\apache-maven-3.9.3\Repository\org\openjfx\javafx-fxml\21-ea+24\javafx-fxml-21-ea+24.jar
Launcher Type: SUN_STANDARD

[Global flags]
     intx CICompilerCount                          = 12                                        {product} {ergonomic}
     uint ConcGCThreads                            = 3                                         {product} {ergonomic}
     uint G1ConcRefinementThreads                  = 13                                        {product} {ergonomic}
   size_t G1HeapRegionSize                         = 4194304                                   {product} {ergonomic}
    uintx GCDrainStackTargetSize                   = 64                                        {product} {ergonomic}
   size_t InitialHeapSize                          = 335544320                                 {product} {ergonomic}
   size_t MarkStackSize                            = 4194304                                   {product} {ergonomic}
   size_t MaxHeapSize                              = 5330960384                                {product} {ergonomic}
   size_t MaxNewSize                               = 3196059648                                {product} {ergonomic}
   size_t MinHeapDeltaBytes                        = 4194304                                   {product} {ergonomic}
   size_t MinHeapSize                              = 8388608                                   {product} {ergonomic}
    uintx NonNMethodCodeHeapSize                   = 7602480                                {pd product} {ergonomic}
    uintx NonProfiledCodeHeapSize                  = 122027880                              {pd product} {ergonomic}
    uintx ProfiledCodeHeapSize                     = 122027880                              {pd product} {ergonomic}
    uintx ReservedCodeCacheSize                    = 251658240                              {pd product} {ergonomic}
     bool SegmentedCodeCache                       = true                                      {product} {ergonomic}
   size_t SoftMaxHeapSize                          = 5330960384                             {manageable} {ergonomic}
     bool UseCompressedClassPointers               = true                           {product lp64_product} {ergonomic}
     bool UseCompressedOops                        = true                           {product lp64_product} {ergonomic}
     bool UseG1GC                                  = true                                      {product} {ergonomic}
     bool UseLargePagesIndividualAllocation        = false                                  {pd product} {ergonomic}

Logging:
Log output configuration:
 #0: stdout all=warning uptime,level,tags
 #1: stderr all=off uptime,level,tags

Environment Variables:
CLASSPATH=.;%JAVA_HOME%\lib;%JAVA_HOME%\lib\tools.jar
PATH=C:\Program Files (x86)\Common Files\Oracle\Java\javapath;D:\software\Borland\CBUILD~1\Bin;D:\software\Borland\CBUILD~1\Projects\Bpl;C:\Windows\system32;C:\Windows;C:\Windows\System32\Wbem;C:\Windows\System32\WindowsPowerShell\v1.0\;C:\Windows\System32\OpenSSH\;C:\Program Files (x86)\NVIDIA Corporation\PhysX\Common;C:\Program Files\NVIDIA Corporation\NVIDIA NvDLISR;C:\WINDOWS\system32;C:\WINDOWS;C:\WINDOWS\System32\Wbem;C:\WINDOWS\System32\WindowsPowerShell\v1.0\;C:\WINDOWS\System32\OpenSSH\;D:\environment\platform-tools;D:\environment\Node\;C:\ProgramData\chocolatey\bin;C:\Program Files (x86)\Microsoft SQL Server\90\Tools\binn\;%JAVA_HOME%\bin;D:\environment\gradle-8.2.1\gradle-8.2.1\bin;C:\Program Files\MySQL\MySQL Server 8.0\bin;D:\environment\mingw64\bin;C:\Program Files\Microsoft Visual Studio\2022\Community\MSBuild\Current\Bin;C:\Program Files\Microsoft SQL Server\130\Tools\Binn\;D:\environment\apache-maven-3.9.3\bin;D:\environment\ninjia;C:\Program Files\Git\cmd;D:\software\TortoiseSVN\bin;C:\Program Files (x86)\IVI Foundation\VISA\WinNT\Bin\;C:\Program Files\IVI Foundation\VISA\Win64\Bin\;C:\Program Files (x86)\IVI Foundation\VISA\WinNT\Bin;D:\environment\redis\;C:\Strawberry\c\bin;C:\Strawberry\perl\site\bin;C:\Strawberry\perl\bin;D:\software\XShell\;C:\Program Files\dotnet\;D:\environment\Erlang OTP\bin;c:\program files\esafenet\cobra docguard client;D:\software\Microsoft VS Code\bin;D:\software\Arm Performance Studio 2024.0\streamline;D:\software\Arm Performance Studio 2024.0\mali_offline_compiler;D:\software\Arm Performance Studio 2024.0\mali_offline_compiler\external
USERNAME=LIWEI
OS=Windows_NT
PROCESSOR_IDENTIFIER=AMD64 Family 25 Model 80 Stepping 0, AuthenticAMD
TMP=C:\Users\LIWEI\AppData\Local\Temp
TEMP=C:\Users\LIWEI\AppData\Local\Temp



Periodic native trim disabled

JNI global refs:
JNI global refs: 17, weak refs: 0

JNI global refs memory usage: 843, weak refs: 209

OOME stack traces (most recent first):
Classloader memory used:
Loader bootstrap                                                                       : 890K


---------------  S Y S T E M  ---------------

OS:
 Windows 11 , 64 bit Build 22621 (10.0.22621.3958)
OS uptime: 5 days 7:10 hours
Hyper-V role detected

CPU: total 16 (initial active 16) (16 cores per cpu, 2 threads per core) family 25 model 80 stepping 0 microcode 0x0, cx8, cmov, fxsr, ht, mmx, 3dnowpref, sse, sse2, sse3, ssse3, sse4a, sse4.1, sse4.2, popcnt, lzcnt, tsc, tscinvbit, avx, avx2, aes, erms, clmul, bmi1, bmi2, adx, sha, fma, vzeroupper, clflush, clflushopt, hv
Processor Information for all 16 processors :
  Max Mhz: 1901, Current Mhz: 1901, Mhz Limit: 1901

Memory: 4k page, system-wide physical 20332M (2628M free)
TotalPageFile size 45932M (AvailPageFile size 1M)
current process WorkingSet (physical memory assigned to process): 59M, peak: 59M
current process commit charge ("private bytes"): 431M, peak: 432M

vm_info: OpenJDK 64-Bit Server VM (17.0.9+7-b1087.7) for windows-amd64 JRE (17.0.9+7-b1087.7), built on 2023-11-17 by "builduser" with MS VC++ 16.10 / 16.11 (VS2019)

END.
