2024-08-30 12:38:51.583 [JavaFX Application Thread] INFO  PVT - GuideDialogController - [
  {
    "code": 200,
    "name": "开机"
  },
  {
    "code": 201,
    "name": "SOC电流"
  },
  {
    "code": 202,
    "name": "SOC电压-2"
  },
  {
    "code": 203,
    "name": "i2c-0"
  },
  {
    "code": 204,
    "name": "i2c-1"
  },
  {
    "code": 205,
    "name": "i2c-2"
  }
]

2024-08-30 12:40:14.610 [JavaFX Application Thread] INFO  PVT - NavigationBarController - [
  {
    "code": 200,
    "name": "开机"
  },
  {
    "code": 201,
    "name": "SOC电流"
  },
  {
    "code": 202,
    "name": "SOC电压-2"
  },
  {
    "code": 203,
    "name": "i2c-0"
  },
  {
    "code": 204,
    "name": "i2c-1"
  },
  {
    "code": 205,
    "name": "i2c-2"
  }
]

2024-08-30 18:23:27.417 [usb4java Device Scanner] INFO  PVT - USBTransmission - USB device connected
2024-08-30 18:23:27.423 [usb4java Device Scanner] INFO  PVT - USBTransmission - USB device connected
2024-08-30 18:23:27.423 [usb4java Device Scanner] INFO  PVT - USBTransmission - USB device connected
2024-08-30 18:23:27.423 [usb4java Device Scanner] INFO  PVT - USBTransmission - USB device connected
2024-08-30 18:23:27.423 [usb4java Device Scanner] INFO  PVT - USBTransmission - USB device connected
2024-08-30 18:23:27.423 [usb4java Device Scanner] INFO  PVT - USBTransmission - USB device connected
2024-08-30 18:23:27.423 [usb4java Device Scanner] INFO  PVT - USBTransmission - USB device connected
2024-08-30 18:23:27.423 [usb4java Device Scanner] INFO  PVT - USBTransmission - USB device connected
2024-08-30 18:23:27.423 [usb4java Device Scanner] INFO  PVT - USBTransmission - USB device connected
2024-08-30 18:23:27.423 [usb4java Device Scanner] INFO  PVT - USBTransmission - USB device connected
2024-08-30 18:23:27.423 [usb4java Device Scanner] INFO  PVT - USBTransmission - USB device connected
2024-08-30 18:23:27.424 [usb4java Device Scanner] INFO  PVT - USBTransmission - USB device connected
2024-08-30 18:23:27.424 [usb4java Device Scanner] INFO  PVT - USBTransmission - USB device connected
2024-08-30 18:23:27.424 [usb4java Device Scanner] INFO  PVT - USBTransmission - USB device connected
2024-08-30 18:23:31.568 [usb4java Device Scanner] ERROR PVT - USBTransmission - USB device disconnected
2024-08-30 18:23:31.568 [usb4java Device Scanner] ERROR PVT - USBTransmission - USB device disconnected
2024-08-30 18:23:35.194 [usb4java Device Scanner] INFO  PVT - USBTransmission - USB device connected
2024-08-30 18:23:35.194 [usb4java Device Scanner] INFO  PVT - USBTransmission - USB device connected
2024-08-30 18:23:38.311 [usb4java Device Scanner] ERROR PVT - USBTransmission - USB device disconnected
2024-08-30 18:23:38.312 [usb4java Device Scanner] ERROR PVT - USBTransmission - USB device disconnected
2024-08-30 18:23:39.356 [usb4java Device Scanner] INFO  PVT - USBTransmission - USB device connected
2024-08-30 18:23:39.356 [usb4java Device Scanner] INFO  PVT - USBTransmission - USB device connected
2024-08-30 18:31:54.300 [usb4java Device Scanner] INFO  PveTec - USBTransmission - USB device connected
2024-08-30 18:31:54.304 [usb4java Device Scanner] INFO  PveTec - USBTransmission - USB device connected
2024-08-30 18:31:54.305 [usb4java Device Scanner] INFO  PveTec - USBTransmission - USB device connected
2024-08-30 18:31:54.305 [usb4java Device Scanner] INFO  PveTec - USBTransmission - USB device connected
2024-08-30 18:31:54.305 [usb4java Device Scanner] INFO  PveTec - USBTransmission - USB device connected
2024-08-30 18:31:54.305 [usb4java Device Scanner] INFO  PveTec - USBTransmission - USB device connected
2024-08-30 18:31:54.305 [usb4java Device Scanner] INFO  PveTec - USBTransmission - USB device connected
2024-08-30 18:31:54.305 [usb4java Device Scanner] INFO  PveTec - USBTransmission - USB device connected
2024-08-30 18:31:54.305 [usb4java Device Scanner] INFO  PveTec - USBTransmission - USB device connected
2024-08-30 18:31:54.305 [usb4java Device Scanner] INFO  PveTec - USBTransmission - USB device connected
2024-08-30 18:31:54.316 [usb4java Device Scanner] INFO  PveTec - USBTransmission - USB device connected
2024-08-30 18:31:54.316 [usb4java Device Scanner] INFO  PveTec - USBTransmission - USB device connected
2024-08-30 18:31:54.316 [usb4java Device Scanner] INFO  PveTec - USBTransmission - USB device connected
2024-08-30 18:31:54.316 [usb4java Device Scanner] INFO  PveTec - USBTransmission - USB device connected
2024-08-30 18:31:59.510 [usb4java Device Scanner] ERROR PveTec - USBTransmission - USB device disconnected
2024-08-30 18:31:59.511 [usb4java Device Scanner] ERROR PveTec - USBTransmission - USB device disconnected
2024-08-30 18:32:01.103 [usb4java Device Scanner] INFO  PveTec - USBTransmission - USB device connected
2024-08-30 18:32:01.103 [usb4java Device Scanner] INFO  PveTec - USBTransmission - USB device connected
2024-08-30 18:34:01.223 [usb4java Device Scanner] INFO  PveTec - USBTransmission - USB device connected
2024-08-30 18:34:01.227 [usb4java Device Scanner] INFO  PveTec - USBTransmission - USB device connected
2024-08-30 18:34:01.228 [usb4java Device Scanner] INFO  PveTec - USBTransmission - USB device connected
2024-08-30 18:34:01.228 [usb4java Device Scanner] INFO  PveTec - USBTransmission - USB device connected
2024-08-30 18:34:01.228 [usb4java Device Scanner] INFO  PveTec - USBTransmission - USB device connected
2024-08-30 18:34:01.228 [usb4java Device Scanner] INFO  PveTec - USBTransmission - USB device connected
2024-08-30 18:34:01.228 [usb4java Device Scanner] INFO  PveTec - USBTransmission - USB device connected
2024-08-30 18:34:01.228 [usb4java Device Scanner] INFO  PveTec - USBTransmission - USB device connected
2024-08-30 18:34:01.228 [usb4java Device Scanner] INFO  PveTec - USBTransmission - USB device connected
2024-08-30 18:34:01.228 [usb4java Device Scanner] INFO  PveTec - USBTransmission - USB device connected
2024-08-30 18:34:01.228 [usb4java Device Scanner] INFO  PveTec - USBTransmission - USB device connected
2024-08-30 18:34:01.228 [usb4java Device Scanner] INFO  PveTec - USBTransmission - USB device connected
2024-08-30 18:34:01.228 [usb4java Device Scanner] INFO  PveTec - USBTransmission - USB device connected
2024-08-30 18:34:01.229 [usb4java Device Scanner] INFO  PveTec - USBTransmission - USB device connected
2024-08-30 18:34:04.853 [usb4java Device Scanner] ERROR PveTec - USBTransmission - USB device disconnected
2024-08-30 18:34:04.853 [usb4java Device Scanner] ERROR PveTec - USBTransmission - USB device disconnected
2024-08-30 18:34:05.890 [usb4java Device Scanner] ERROR PveTec - USBTransmission - USB device disconnected
2024-08-30 18:34:05.892 [usb4java Device Scanner] ERROR PveTec - USBTransmission - USB device disconnected
2024-08-30 18:34:06.407 [usb4java Device Scanner] INFO  PveTec - USBTransmission - USB device connected
2024-08-30 18:34:06.407 [usb4java Device Scanner] INFO  PveTec - USBTransmission - USB device connected
2024-08-30 18:34:06.926 [usb4java Device Scanner] INFO  PveTec - USBTransmission - USB device connected
2024-08-30 18:34:06.927 [usb4java Device Scanner] INFO  PveTec - USBTransmission - USB device connected
2024-08-30 18:34:09.005 [usb4java Device Scanner] ERROR PveTec - USBTransmission - USB device disconnected
2024-08-30 18:34:09.006 [usb4java Device Scanner] ERROR PveTec - USBTransmission - USB device disconnected
2024-08-30 18:34:12.634 [usb4java Device Scanner] INFO  PveTec - USBTransmission - USB device connected
2024-08-30 18:34:12.634 [usb4java Device Scanner] INFO  PveTec - USBTransmission - USB device connected
2024-08-30 18:34:49.695 [usb4java Device Scanner] INFO  PveTec - USBTransmission - USB device connected
2024-08-30 18:34:49.697 [usb4java Device Scanner] INFO  PveTec - USBTransmission - USB device connected
2024-08-30 18:34:49.697 [usb4java Device Scanner] INFO  PveTec - USBTransmission - USB device connected
2024-08-30 18:34:49.698 [usb4java Device Scanner] INFO  PveTec - USBTransmission - USB device connected
2024-08-30 18:34:49.698 [usb4java Device Scanner] INFO  PveTec - USBTransmission - USB device connected
2024-08-30 18:34:49.698 [usb4java Device Scanner] INFO  PveTec - USBTransmission - USB device connected
2024-08-30 18:34:49.698 [usb4java Device Scanner] INFO  PveTec - USBTransmission - USB device connected
2024-08-30 18:34:49.698 [usb4java Device Scanner] INFO  PveTec - USBTransmission - USB device connected
2024-08-30 18:34:49.698 [usb4java Device Scanner] INFO  PveTec - USBTransmission - USB device connected
2024-08-30 18:34:49.698 [usb4java Device Scanner] INFO  PveTec - USBTransmission - USB device connected
2024-08-30 18:34:49.698 [usb4java Device Scanner] INFO  PveTec - USBTransmission - USB device connected
2024-08-30 18:34:49.699 [usb4java Device Scanner] INFO  PveTec - USBTransmission - USB device connected
2024-08-30 18:34:49.699 [usb4java Device Scanner] INFO  PveTec - USBTransmission - USB device connected
2024-08-30 18:34:49.699 [usb4java Device Scanner] INFO  PveTec - USBTransmission - USB device connected
2024-08-30 18:34:50.224 [usb4java Device Scanner] ERROR PveTec - USBTransmission - USB device disconnected
2024-08-30 18:34:50.224 [usb4java Device Scanner] ERROR PveTec - USBTransmission - USB device disconnected
2024-08-30 18:34:52.294 [usb4java Device Scanner] INFO  PveTec - USBTransmission - USB device connected
2024-08-30 18:34:52.294 [usb4java Device Scanner] INFO  PveTec - USBTransmission - USB device connected
2024-08-30 18:35:59.206 [usb4java Device Scanner] INFO  PveTec - USBTransmission - USB device connected
2024-08-30 18:35:59.209 [usb4java Device Scanner] INFO  PveTec - USBTransmission - USB device connected
2024-08-30 18:35:59.210 [usb4java Device Scanner] INFO  PveTec - USBTransmission - USB device connected
2024-08-30 18:35:59.210 [usb4java Device Scanner] INFO  PveTec - USBTransmission - USB device connected
2024-08-30 18:35:59.210 [usb4java Device Scanner] INFO  PveTec - USBTransmission - USB device connected
2024-08-30 18:35:59.210 [usb4java Device Scanner] INFO  PveTec - USBTransmission - USB device connected
2024-08-30 18:35:59.210 [usb4java Device Scanner] INFO  PveTec - USBTransmission - USB device connected
2024-08-30 18:35:59.210 [usb4java Device Scanner] INFO  PveTec - USBTransmission - USB device connected
2024-08-30 18:35:59.210 [usb4java Device Scanner] INFO  PveTec - USBTransmission - USB device connected
2024-08-30 18:35:59.212 [usb4java Device Scanner] INFO  PveTec - USBTransmission - USB device connected
2024-08-30 18:35:59.212 [usb4java Device Scanner] INFO  PveTec - USBTransmission - USB device connected
2024-08-30 18:35:59.212 [usb4java Device Scanner] INFO  PveTec - USBTransmission - USB device connected
2024-08-30 18:35:59.212 [usb4java Device Scanner] INFO  PveTec - USBTransmission - USB device connected
2024-08-30 18:35:59.212 [usb4java Device Scanner] INFO  PveTec - USBTransmission - USB device connected
2024-08-30 18:36:09.573 [usb4java Device Scanner] ERROR PveTec - USBTransmission - USB device disconnected
2024-08-30 18:36:09.573 [usb4java Device Scanner] ERROR PveTec - USBTransmission - USB device disconnected
2024-08-30 18:36:11.134 [usb4java Device Scanner] INFO  PveTec - USBTransmission - USB device connected
2024-08-30 18:36:11.134 [usb4java Device Scanner] INFO  PveTec - USBTransmission - USB device connected
2024-08-30 18:36:12.181 [usb4java Device Scanner] ERROR PveTec - USBTransmission - USB device disconnected
2024-08-30 18:36:12.181 [usb4java Device Scanner] ERROR PveTec - USBTransmission - USB device disconnected
2024-08-30 18:36:14.268 [usb4java Device Scanner] INFO  PveTec - USBTransmission - USB device connected
2024-08-30 18:36:14.269 [usb4java Device Scanner] INFO  PveTec - USBTransmission - USB device connected
2024-08-30 18:37:26.090 [usb4java Device Scanner] INFO  PveTec - USBTransmission - USB device connected
2024-08-30 18:37:26.096 [usb4java Device Scanner] INFO  PveTec - USBTransmission - USB device connected
2024-08-30 18:37:26.096 [usb4java Device Scanner] INFO  PveTec - USBTransmission - USB device connected
2024-08-30 18:37:26.096 [usb4java Device Scanner] INFO  PveTec - USBTransmission - USB device connected
2024-08-30 18:37:26.096 [usb4java Device Scanner] INFO  PveTec - USBTransmission - USB device connected
2024-08-30 18:37:26.096 [usb4java Device Scanner] INFO  PveTec - USBTransmission - USB device connected
2024-08-30 18:37:26.096 [usb4java Device Scanner] INFO  PveTec - USBTransmission - USB device connected
2024-08-30 18:37:26.096 [usb4java Device Scanner] INFO  PveTec - USBTransmission - USB device connected
2024-08-30 18:37:26.096 [usb4java Device Scanner] INFO  PveTec - USBTransmission - USB device connected
2024-08-30 18:37:26.096 [usb4java Device Scanner] INFO  PveTec - USBTransmission - USB device connected
2024-08-30 18:37:28.689 [usb4java Device Scanner] ERROR PveTec - USBTransmission - USB device disconnected
2024-08-30 18:37:28.689 [usb4java Device Scanner] ERROR PveTec - USBTransmission - USB device disconnected
2024-08-30 18:37:32.826 [usb4java Device Scanner] INFO  PveTec - USBTransmission - USB device connected
2024-08-30 18:37:32.826 [usb4java Device Scanner] INFO  PveTec - USBTransmission - USB device connected
2024-08-30 18:38:31.772 [usb4java Device Scanner] INFO  PveTec - USBTransmission - USB device connected
2024-08-30 18:38:31.777 [usb4java Device Scanner] INFO  PveTec - USBTransmission - USB device connected
2024-08-30 18:38:31.777 [usb4java Device Scanner] INFO  PveTec - USBTransmission - USB device connected
2024-08-30 18:38:31.778 [usb4java Device Scanner] INFO  PveTec - USBTransmission - USB device connected
2024-08-30 18:38:31.778 [usb4java Device Scanner] INFO  PveTec - USBTransmission - USB device connected
2024-08-30 18:38:31.778 [usb4java Device Scanner] INFO  PveTec - USBTransmission - USB device connected
2024-08-30 18:38:31.778 [usb4java Device Scanner] INFO  PveTec - USBTransmission - USB device connected
2024-08-30 18:38:31.778 [usb4java Device Scanner] INFO  PveTec - USBTransmission - USB device connected
2024-08-30 18:38:31.778 [usb4java Device Scanner] INFO  PveTec - USBTransmission - USB device connected
2024-08-30 18:38:31.778 [usb4java Device Scanner] INFO  PveTec - USBTransmission - USB device connected
2024-08-30 18:38:37.989 [usb4java Device Scanner] ERROR PveTec - USBTransmission - USB device disconnected
2024-08-30 18:38:37.989 [usb4java Device Scanner] ERROR PveTec - USBTransmission - USB device disconnected
2024-08-30 18:38:40.590 [usb4java Device Scanner] INFO  PveTec - USBTransmission - USB device connected
2024-08-30 18:38:40.591 [usb4java Device Scanner] INFO  PveTec - USBTransmission - USB device connected
2024-08-30 18:40:55.080 [usb4java Device Scanner] INFO  PveTec - USBTransmission - USB device connected
2024-08-30 18:40:55.083 [usb4java Device Scanner] INFO  PveTec - USBTransmission - USB device connected
2024-08-30 18:40:55.084 [usb4java Device Scanner] INFO  PveTec - USBTransmission - USB device connected
2024-08-30 18:40:55.084 [usb4java Device Scanner] INFO  PveTec - USBTransmission - USB device connected
2024-08-30 18:40:55.084 [usb4java Device Scanner] INFO  PveTec - USBTransmission - USB device connected
2024-08-30 18:40:55.084 [usb4java Device Scanner] INFO  PveTec - USBTransmission - USB device connected
2024-08-30 18:40:55.084 [usb4java Device Scanner] INFO  PveTec - USBTransmission - USB device connected
2024-08-30 18:40:55.084 [usb4java Device Scanner] INFO  PveTec - USBTransmission - USB device connected
2024-08-30 18:40:55.084 [usb4java Device Scanner] INFO  PveTec - USBTransmission - USB device connected
2024-08-30 18:40:55.084 [usb4java Device Scanner] INFO  PveTec - USBTransmission - USB device connected
2024-08-30 18:40:58.194 [usb4java Device Scanner] ERROR PveTec - USBTransmission - USB device disconnected
2024-08-30 18:40:58.195 [usb4java Device Scanner] ERROR PveTec - USBTransmission - USB device disconnected
2024-08-30 18:41:03.876 [usb4java Device Scanner] INFO  PveTec - USBTransmission - USB device connected
2024-08-30 18:41:03.876 [usb4java Device Scanner] INFO  PveTec - USBTransmission - USB device connected
2024-08-30 18:41:03.876 [usb4java Device Scanner] INFO  PveTec - USBTransmission - USB device connected
2024-08-30 18:41:03.876 [usb4java Device Scanner] INFO  PveTec - USBTransmission - USB device connected
2024-08-30 18:41:04.395 [usb4java Device Scanner] INFO  PveTec - USBTransmission - USB device connected
2024-08-30 18:41:04.395 [usb4java Device Scanner] INFO  PveTec - USBTransmission - USB device connected
2024-08-30 19:56:16.477 [usb4java Device Scanner] INFO  PveTec - USBTransmission - USB device connected
2024-08-30 19:56:16.479 [usb4java Device Scanner] INFO  PveTec - USBTransmission - USB device connected
2024-08-30 19:56:16.479 [usb4java Device Scanner] INFO  PveTec - USBTransmission - USB device connected
2024-08-30 19:56:16.479 [usb4java Device Scanner] INFO  PveTec - USBTransmission - USB device connected
2024-08-30 19:56:16.479 [usb4java Device Scanner] INFO  PveTec - USBTransmission - USB device connected
2024-08-30 19:56:16.479 [usb4java Device Scanner] INFO  PveTec - USBTransmission - USB device connected
2024-08-30 19:56:21.524 [usb4java Device Scanner] ERROR PveTec - USBTransmission - USB device disconnected
2024-08-30 19:56:21.529 [usb4java Device Scanner] ERROR PveTec - USBTransmission - USB device disconnected
2024-08-30 19:56:29.596 [usb4java Device Scanner] INFO  PveTec - USBTransmission - USB device connected
2024-08-30 19:56:29.598 [usb4java Device Scanner] INFO  PveTec - USBTransmission - USB device connected
2024-08-30 19:57:25.589 [usb4java Device Scanner] INFO  PveTec - USBTransmission - USB device connected
2024-08-30 19:57:25.590 [usb4java Device Scanner] INFO  PveTec - USBTransmission - USB device connected
2024-08-30 19:57:25.591 [usb4java Device Scanner] INFO  PveTec - USBTransmission - USB device connected
2024-08-30 19:57:25.591 [usb4java Device Scanner] INFO  PveTec - USBTransmission - USB device connected
2024-08-30 19:57:25.591 [usb4java Device Scanner] INFO  PveTec - USBTransmission - USB device connected
2024-08-30 19:57:25.591 [usb4java Device Scanner] INFO  PveTec - USBTransmission - USB device connected
2024-08-30 19:57:45.261 [usb4java Device Scanner] ERROR PveTec - USBTransmission - USB device disconnected
2024-08-30 19:57:45.264 [usb4java Device Scanner] ERROR PveTec - USBTransmission - USB device disconnected
2024-08-30 19:57:50.316 [usb4java Device Scanner] INFO  PveTec - USBTransmission - USB device connected
2024-08-30 19:57:50.318 [usb4java Device Scanner] INFO  PveTec - USBTransmission - USB device connected
2024-08-30 19:59:41.080 [usb4java Device Scanner] INFO  PveTec - USBTransmission - USB device connected
2024-08-30 19:59:41.082 [usb4java Device Scanner] INFO  PveTec - USBTransmission - USB device connected
2024-08-30 19:59:41.082 [usb4java Device Scanner] INFO  PveTec - USBTransmission - USB device connected
2024-08-30 19:59:41.082 [usb4java Device Scanner] INFO  PveTec - USBTransmission - USB device connected
2024-08-30 19:59:41.082 [usb4java Device Scanner] INFO  PveTec - USBTransmission - USB device connected
2024-08-30 19:59:41.082 [usb4java Device Scanner] INFO  PveTec - USBTransmission - USB device connected
2024-08-30 20:00:40.616 [usb4java Device Scanner] INFO  PveTec - USBTransmission - USB device connected
2024-08-30 20:00:40.618 [usb4java Device Scanner] INFO  PveTec - USBTransmission - USB device connected
2024-08-30 20:00:40.618 [usb4java Device Scanner] INFO  PveTec - USBTransmission - USB device connected
2024-08-30 20:00:40.618 [usb4java Device Scanner] INFO  PveTec - USBTransmission - USB device connected
2024-08-30 20:00:40.618 [usb4java Device Scanner] INFO  PveTec - USBTransmission - USB device connected
2024-08-30 20:00:40.618 [usb4java Device Scanner] INFO  PveTec - USBTransmission - USB device connected
2024-08-30 20:01:05.323 [usb4java Device Scanner] INFO  PveTec - USBTransmission - USB device connected
2024-08-30 20:01:05.324 [usb4java Device Scanner] INFO  PveTec - USBTransmission - USB device connected
2024-08-30 20:01:05.324 [usb4java Device Scanner] INFO  PveTec - USBTransmission - USB device connected
2024-08-30 20:01:05.324 [usb4java Device Scanner] INFO  PveTec - USBTransmission - USB device connected
2024-08-30 20:01:05.324 [usb4java Device Scanner] INFO  PveTec - USBTransmission - USB device connected
2024-08-30 20:01:05.324 [usb4java Device Scanner] INFO  PveTec - USBTransmission - USB device connected
2024-08-30 20:01:54.179 [usb4java Device Scanner] INFO  PveTec - USBTransmission - USB device connected
2024-08-30 20:01:54.180 [usb4java Device Scanner] INFO  PveTec - USBTransmission - USB device connected
2024-08-30 20:01:54.180 [usb4java Device Scanner] INFO  PveTec - USBTransmission - USB device connected
2024-08-30 20:01:54.180 [usb4java Device Scanner] INFO  PveTec - USBTransmission - USB device connected
2024-08-30 20:01:54.180 [usb4java Device Scanner] INFO  PveTec - USBTransmission - USB device connected
2024-08-30 20:01:54.180 [usb4java Device Scanner] INFO  PveTec - USBTransmission - USB device connected
2024-08-30 20:02:05.296 [usb4java Device Scanner] ERROR PveTec - USBTransmission - USB device disconnected
2024-08-30 20:02:05.298 [usb4java Device Scanner] ERROR PveTec - USBTransmission - USB device disconnected
2024-08-30 20:02:08.829 [usb4java Device Scanner] INFO  PveTec - USBTransmission - USB device connected
2024-08-30 20:02:08.830 [usb4java Device Scanner] INFO  PveTec - USBTransmission - USB device connected
2024-08-30 20:05:36.559 [usb4java Device Scanner] INFO  PveTec - [USBTransmission] - USB device connected
2024-08-30 20:05:36.560 [usb4java Device Scanner] INFO  PveTec - [USBTransmission] - USB device connected
2024-08-30 20:05:36.560 [usb4java Device Scanner] INFO  PveTec - [USBTransmission] - USB device connected
2024-08-30 20:05:36.560 [usb4java Device Scanner] INFO  PveTec - [USBTransmission] - USB device connected
2024-08-30 20:05:36.561 [usb4java Device Scanner] INFO  PveTec - [USBTransmission] - USB device connected
2024-08-30 20:05:36.561 [usb4java Device Scanner] INFO  PveTec - [USBTransmission] - USB device connected
2024-08-30 20:07:00.749 [usb4java Device Scanner] INFO  PveTec - [USBTransmission] - USB device connected
2024-08-30 20:07:00.751 [usb4java Device Scanner] WARN  PveTec - [USBTransmission, adsf] - USB device attached
2024-08-30 20:07:00.751 [usb4java Device Scanner] INFO  PveTec - [USBTransmission] - USB device connected
2024-08-30 20:07:00.751 [usb4java Device Scanner] WARN  PveTec - [USBTransmission, adsf] - USB device attached
2024-08-30 20:07:00.751 [usb4java Device Scanner] INFO  PveTec - [USBTransmission] - USB device connected
2024-08-30 20:07:00.751 [usb4java Device Scanner] WARN  PveTec - [USBTransmission, adsf] - USB device attached
2024-08-30 20:07:00.751 [usb4java Device Scanner] INFO  PveTec - [USBTransmission] - USB device connected
2024-08-30 20:07:00.751 [usb4java Device Scanner] WARN  PveTec - [USBTransmission, adsf] - USB device attached
2024-08-30 20:07:00.751 [usb4java Device Scanner] INFO  PveTec - [USBTransmission] - USB device connected
2024-08-30 20:07:00.751 [usb4java Device Scanner] WARN  PveTec - [USBTransmission, adsf] - USB device attached
2024-08-30 20:07:00.751 [usb4java Device Scanner] INFO  PveTec - [USBTransmission] - USB device connected
2024-08-30 20:07:00.752 [usb4java Device Scanner] WARN  PveTec - [USBTransmission, adsf] - USB device attached
2024-08-30 20:08:44.413 [usb4java Device Scanner] INFO  PveTec - [USBTransmission] USB device connected
2024-08-30 20:08:44.414 [usb4java Device Scanner] INFO  PveTec - [USBTransmission] USB device connected
2024-08-30 20:08:44.414 [usb4java Device Scanner] INFO  PveTec - [USBTransmission] USB device connected
2024-08-30 20:08:44.414 [usb4java Device Scanner] INFO  PveTec - [USBTransmission] USB device connected
2024-08-30 20:08:44.414 [usb4java Device Scanner] INFO  PveTec - [USBTransmission] USB device connected
2024-08-30 20:08:44.414 [usb4java Device Scanner] INFO  PveTec - [USBTransmission] USB device connected
2024-08-30 20:08:51.977 [usb4java Device Scanner] ERROR PveTec - [USBTransmission] USB device disconnected
2024-08-30 20:08:51.979 [usb4java Device Scanner] ERROR PveTec - [USBTransmission] USB device disconnected
2024-08-30 20:08:56.008 [usb4java Device Scanner] INFO  PveTec - [USBTransmission] USB device connected
2024-08-30 20:08:56.008 [usb4java Device Scanner] INFO  PveTec - [USBTransmission] USB device connected
2024-08-30 20:09:22.362 [usb4java Device Scanner] INFO  PveTec - [USBTransmission] USB device connected
2024-08-30 20:09:22.363 [usb4java Device Scanner] INFO  PveTec - [USBTransmission] USB device attached %s
2024-08-30 20:09:22.364 [usb4java Device Scanner] INFO  PveTec - [USBTransmission] USB device connected
2024-08-30 20:09:22.364 [usb4java Device Scanner] INFO  PveTec - [USBTransmission] USB device attached %s
2024-08-30 20:09:22.364 [usb4java Device Scanner] INFO  PveTec - [USBTransmission] USB device connected
2024-08-30 20:09:22.364 [usb4java Device Scanner] INFO  PveTec - [USBTransmission] USB device attached %s
2024-08-30 20:09:22.364 [usb4java Device Scanner] INFO  PveTec - [USBTransmission] USB device connected
2024-08-30 20:09:22.364 [usb4java Device Scanner] INFO  PveTec - [USBTransmission] USB device attached %s
2024-08-30 20:09:22.364 [usb4java Device Scanner] INFO  PveTec - [USBTransmission] USB device connected
2024-08-30 20:09:22.364 [usb4java Device Scanner] INFO  PveTec - [USBTransmission] USB device attached %s
2024-08-30 20:09:22.364 [usb4java Device Scanner] INFO  PveTec - [USBTransmission] USB device connected
2024-08-30 20:09:22.364 [usb4java Device Scanner] INFO  PveTec - [USBTransmission] USB device attached %s
2024-08-30 20:09:45.566 [usb4java Device Scanner] INFO  PveTec - [USBTransmission] USB device connected
2024-08-30 20:09:45.567 [usb4java Device Scanner] INFO  PveTec - [NetworkModule] Connected to %s
2024-08-30 20:09:45.568 [usb4java Device Scanner] INFO  PveTec - [USBTransmission] USB device connected
2024-08-30 20:09:45.568 [usb4java Device Scanner] INFO  PveTec - [NetworkModule] Connected to %s
2024-08-30 20:09:45.568 [usb4java Device Scanner] INFO  PveTec - [USBTransmission] USB device connected
2024-08-30 20:09:45.568 [usb4java Device Scanner] INFO  PveTec - [NetworkModule] Connected to %s
2024-08-30 20:09:45.568 [usb4java Device Scanner] INFO  PveTec - [USBTransmission] USB device connected
2024-08-30 20:09:45.568 [usb4java Device Scanner] INFO  PveTec - [NetworkModule] Connected to %s
2024-08-30 20:09:45.568 [usb4java Device Scanner] INFO  PveTec - [USBTransmission] USB device connected
2024-08-30 20:09:45.568 [usb4java Device Scanner] INFO  PveTec - [NetworkModule] Connected to %s
2024-08-30 20:09:45.568 [usb4java Device Scanner] INFO  PveTec - [USBTransmission] USB device connected
2024-08-30 20:09:45.568 [usb4java Device Scanner] INFO  PveTec - [NetworkModule] Connected to %s
2024-08-30 20:10:30.735 [usb4java Device Scanner] INFO  PveTec - [USBTransmission] USB device connected
2024-08-30 20:10:30.736 [usb4java Device Scanner] INFO  PveTec - [NetworkModule] Connected to %s
2024-08-30 20:10:30.737 [usb4java Device Scanner] INFO  PveTec - [USBTransmission] USB device connected
2024-08-30 20:10:30.737 [usb4java Device Scanner] INFO  PveTec - [NetworkModule] Connected to %s
2024-08-30 20:10:30.737 [usb4java Device Scanner] INFO  PveTec - [USBTransmission] USB device connected
2024-08-30 20:10:30.737 [usb4java Device Scanner] INFO  PveTec - [NetworkModule] Connected to %s
2024-08-30 20:10:30.737 [usb4java Device Scanner] INFO  PveTec - [USBTransmission] USB device connected
2024-08-30 20:10:30.737 [usb4java Device Scanner] INFO  PveTec - [NetworkModule] Connected to %s
2024-08-30 20:10:30.737 [usb4java Device Scanner] INFO  PveTec - [USBTransmission] USB device connected
2024-08-30 20:10:30.737 [usb4java Device Scanner] INFO  PveTec - [NetworkModule] Connected to %s
2024-08-30 20:10:30.737 [usb4java Device Scanner] INFO  PveTec - [USBTransmission] USB device connected
2024-08-30 20:10:30.737 [usb4java Device Scanner] INFO  PveTec - [NetworkModule] Connected to %s
2024-08-30 20:12:50.464 [usb4java Device Scanner] INFO  PveTec - [USBTransmission] USB device connected
2024-08-30 20:12:50.464 [usb4java Device Scanner] INFO  PveTec - [NetworkModule] Connected to 192.168.1.1
2024-08-30 20:12:50.465 [usb4java Device Scanner] INFO  PveTec - [USBTransmission] USB device connected
2024-08-30 20:12:50.465 [usb4java Device Scanner] INFO  PveTec - [NetworkModule] Connected to 192.168.1.1
2024-08-30 20:12:50.465 [usb4java Device Scanner] INFO  PveTec - [USBTransmission] USB device connected
2024-08-30 20:12:50.465 [usb4java Device Scanner] INFO  PveTec - [NetworkModule] Connected to 192.168.1.1
2024-08-30 20:12:50.465 [usb4java Device Scanner] INFO  PveTec - [USBTransmission] USB device connected
2024-08-30 20:12:50.465 [usb4java Device Scanner] INFO  PveTec - [NetworkModule] Connected to 192.168.1.1
2024-08-30 20:12:50.465 [usb4java Device Scanner] INFO  PveTec - [USBTransmission] USB device connected
2024-08-30 20:12:50.465 [usb4java Device Scanner] INFO  PveTec - [NetworkModule] Connected to 192.168.1.1
2024-08-30 20:12:50.465 [usb4java Device Scanner] INFO  PveTec - [USBTransmission] USB device connected
2024-08-30 20:12:50.465 [usb4java Device Scanner] INFO  PveTec - [NetworkModule] Connected to 192.168.1.1
2024-08-30 20:13:21.167 [usb4java Device Scanner] INFO  PveTec - [USBTransmission] USB device connected
2024-08-30 20:13:21.168 [usb4java Device Scanner] INFO  PveTec - [NetworkModule] Connected to 192.168.1.1 
2024-08-30 20:13:21.168 [usb4java Device Scanner] INFO  PveTec - [USBTransmission] USB device connected
2024-08-30 20:13:21.168 [usb4java Device Scanner] INFO  PveTec - [NetworkModule] Connected to 192.168.1.1 
2024-08-30 20:13:21.168 [usb4java Device Scanner] INFO  PveTec - [USBTransmission] USB device connected
2024-08-30 20:13:21.168 [usb4java Device Scanner] INFO  PveTec - [NetworkModule] Connected to 192.168.1.1 
2024-08-30 20:13:21.168 [usb4java Device Scanner] INFO  PveTec - [USBTransmission] USB device connected
2024-08-30 20:13:21.168 [usb4java Device Scanner] INFO  PveTec - [NetworkModule] Connected to 192.168.1.1 
2024-08-30 20:13:21.169 [usb4java Device Scanner] INFO  PveTec - [USBTransmission] USB device connected
2024-08-30 20:13:21.169 [usb4java Device Scanner] INFO  PveTec - [NetworkModule] Connected to 192.168.1.1 
2024-08-30 20:13:21.169 [usb4java Device Scanner] INFO  PveTec - [USBTransmission] USB device connected
2024-08-30 20:13:21.169 [usb4java Device Scanner] INFO  PveTec - [NetworkModule] Connected to 192.168.1.1 
2024-08-30 20:13:40.273 [usb4java Device Scanner] INFO  PveTec - [USBTransmission] USB device connected
2024-08-30 20:13:40.274 [usb4java Device Scanner] INFO  PveTec - [NetworkModule] Connected to 192.168.1.1 %s
2024-08-30 20:13:40.275 [usb4java Device Scanner] INFO  PveTec - [USBTransmission] USB device connected
2024-08-30 20:13:40.275 [usb4java Device Scanner] INFO  PveTec - [NetworkModule] Connected to 192.168.1.1 %s
2024-08-30 20:13:40.275 [usb4java Device Scanner] INFO  PveTec - [USBTransmission] USB device connected
2024-08-30 20:13:40.275 [usb4java Device Scanner] INFO  PveTec - [NetworkModule] Connected to 192.168.1.1 %s
2024-08-30 20:13:40.275 [usb4java Device Scanner] INFO  PveTec - [USBTransmission] USB device connected
2024-08-30 20:13:40.275 [usb4java Device Scanner] INFO  PveTec - [NetworkModule] Connected to 192.168.1.1 %s
2024-08-30 20:13:40.275 [usb4java Device Scanner] INFO  PveTec - [USBTransmission] USB device connected
2024-08-30 20:13:40.275 [usb4java Device Scanner] INFO  PveTec - [NetworkModule] Connected to 192.168.1.1 %s
2024-08-30 20:13:40.275 [usb4java Device Scanner] INFO  PveTec - [USBTransmission] USB device connected
2024-08-30 20:13:40.276 [usb4java Device Scanner] INFO  PveTec - [NetworkModule] Connected to 192.168.1.1 %s
2024-08-30 20:14:30.384 [usb4java Device Scanner] INFO  PveTec - [USBTransmission] USB device connected
2024-08-30 20:14:30.385 [usb4java Device Scanner] INFO  PveTec - [USBTransmission] USB device connected
2024-08-30 20:14:30.386 [usb4java Device Scanner] INFO  PveTec - [USBTransmission] USB device connected
2024-08-30 20:14:30.386 [usb4java Device Scanner] INFO  PveTec - [USBTransmission] USB device connected
2024-08-30 20:14:30.386 [usb4java Device Scanner] INFO  PveTec - [USBTransmission] USB device connected
2024-08-30 20:14:30.386 [usb4java Device Scanner] INFO  PveTec - [USBTransmission] USB device connected
2024-08-30 20:15:01.244 [usb4java Device Scanner] INFO  PveTec - [USBTransmission] USB device connected
2024-08-30 20:15:01.245 [usb4java Device Scanner] INFO  PveTec - [USBTransmission] USB device connected
2024-08-30 20:15:01.245 [usb4java Device Scanner] INFO  PveTec - [USBTransmission] USB device connected
2024-08-30 20:15:01.245 [usb4java Device Scanner] INFO  PveTec - [USBTransmission] USB device connected
2024-08-30 20:15:01.245 [usb4java Device Scanner] INFO  PveTec - [USBTransmission] USB device connected
2024-08-30 20:15:01.245 [usb4java Device Scanner] INFO  PveTec - [USBTransmission] USB device connected
2024-08-30 20:15:15.868 [usb4java Device Scanner] ERROR PveTec - [USBTransmission] USB device disconnected
2024-08-30 20:15:15.869 [usb4java Device Scanner] INFO  PveTec - ********************************************************************************
**********************************************************************************
* USBTransmission - USB device detached *
**********************************************************************************
********************************************************************************
2024-08-30 20:15:15.870 [usb4java Device Scanner] ERROR PveTec - [USBTransmission] USB device disconnected
2024-08-30 20:15:15.870 [usb4java Device Scanner] INFO  PveTec - ********************************************************************************
**********************************************************************************
* USBTransmission - USB device detached *
**********************************************************************************
********************************************************************************
2024-08-30 20:15:18.893 [usb4java Device Scanner] INFO  PveTec - [USBTransmission] USB device connected
2024-08-30 20:15:18.895 [usb4java Device Scanner] INFO  PveTec - [USBTransmission] USB device connected
2024-08-30 20:23:32.607 [usb4java Device Scanner] INFO  PveTec - [USBTransmission] USB device connected
2024-08-30 20:23:32.609 [usb4java Device Scanner] INFO  PveTec - [USBTransmission] USB device connected
2024-08-30 20:23:32.609 [usb4java Device Scanner] INFO  PveTec - [USBTransmission] USB device connected
2024-08-30 20:23:32.609 [usb4java Device Scanner] INFO  PveTec - [USBTransmission] USB device connected
2024-08-30 20:23:32.609 [usb4java Device Scanner] INFO  PveTec - [USBTransmission] USB device connected
2024-08-30 20:23:32.609 [usb4java Device Scanner] INFO  PveTec - [USBTransmission] USB device connected
2024-08-30 20:23:36.648 [usb4java Device Scanner] ERROR PveTec - [USBTransmission] USB device disconnected
2024-08-30 20:23:36.649 [usb4java Device Scanner] INFO  PveTec - ════════════════════════════════════════════════════════════════════════════════
════════════════════════════════════════════════════════════════════════════════
═ USBTransmission - USB device detached ═
════════════════════════════════════════════════════════════════════════════════
2024-08-30 20:23:36.651 [usb4java Device Scanner] ERROR PveTec - [USBTransmission] USB device disconnected
2024-08-30 20:23:36.651 [usb4java Device Scanner] INFO  PveTec - ════════════════════════════════════════════════════════════════════════════════
════════════════════════════════════════════════════════════════════════════════
═ USBTransmission - USB device detached ═
════════════════════════════════════════════════════════════════════════════════
2024-08-30 20:23:41.200 [usb4java Device Scanner] INFO  PveTec - [USBTransmission] USB device connected
2024-08-30 20:23:41.201 [usb4java Device Scanner] INFO  PveTec - [USBTransmission] USB device connected
2024-08-30 20:24:30.160 [usb4java Device Scanner] INFO  PveTec - [USBTransmission] USB device connected
2024-08-30 20:24:30.161 [usb4java Device Scanner] INFO  PveTec - [USBTransmission] USB device connected
2024-08-30 20:24:30.161 [usb4java Device Scanner] INFO  PveTec - [USBTransmission] USB device connected
2024-08-30 20:24:30.161 [usb4java Device Scanner] INFO  PveTec - [USBTransmission] USB device connected
2024-08-30 20:24:30.161 [usb4java Device Scanner] INFO  PveTec - [USBTransmission] USB device connected
2024-08-30 20:24:30.161 [usb4java Device Scanner] INFO  PveTec - [USBTransmission] USB device connected
2024-08-30 20:24:34.196 [usb4java Device Scanner] ERROR PveTec - [USBTransmission] USB device disconnected
2024-08-30 20:24:34.197 [usb4java Device Scanner] INFO  PveTec - ════════════════════════════════════════════════════════════════════════════════
USBTransmission - USB device detached
════════════════════════════════════════════════════════════════════════════════
2024-08-30 20:24:34.198 [usb4java Device Scanner] ERROR PveTec - [USBTransmission] USB device disconnected
2024-08-30 20:24:34.198 [usb4java Device Scanner] INFO  PveTec - ════════════════════════════════════════════════════════════════════════════════
USBTransmission - USB device detached
════════════════════════════════════════════════════════════════════════════════
2024-08-30 20:24:39.744 [usb4java Device Scanner] INFO  PveTec - [USBTransmission] USB device connected
2024-08-30 20:24:39.745 [usb4java Device Scanner] INFO  PveTec - [USBTransmission] USB device connected
2024-08-30 20:25:58.558 [usb4java Device Scanner] INFO  PveTec - [USBTransmission] USB device connected
2024-08-30 20:25:58.559 [usb4java Device Scanner] INFO  PveTec - [USBTransmission] USB device connected
2024-08-30 20:25:58.559 [usb4java Device Scanner] INFO  PveTec - [USBTransmission] USB device connected
2024-08-30 20:25:58.559 [usb4java Device Scanner] INFO  PveTec - [USBTransmission] USB device connected
2024-08-30 20:25:58.559 [usb4java Device Scanner] INFO  PveTec - [USBTransmission] USB device connected
2024-08-30 20:25:58.559 [usb4java Device Scanner] INFO  PveTec - [USBTransmission] USB device connected
2024-08-30 20:26:00.069 [usb4java Device Scanner] ERROR PveTec - [USBTransmission] USB device disconnected
2024-08-30 20:26:00.070 [usb4java Device Scanner] INFO  PveTec - 
*** IMPORTANT: USBTRANSMISSION - USB device detached ***

2024-08-30 20:26:00.071 [usb4java Device Scanner] ERROR PveTec - [USBTransmission] USB device disconnected
2024-08-30 20:26:00.072 [usb4java Device Scanner] INFO  PveTec - 
*** IMPORTANT: USBTRANSMISSION - USB device detached ***

2024-08-30 20:26:03.603 [usb4java Device Scanner] INFO  PveTec - [USBTransmission] USB device connected
2024-08-30 20:26:03.604 [usb4java Device Scanner] INFO  PveTec - [USBTransmission] USB device connected
2024-08-30 20:27:03.573 [usb4java Device Scanner] INFO  PveTec - [USBTransmission] USB device connected
2024-08-30 20:27:03.574 [usb4java Device Scanner] INFO  PveTec - [USBTransmission] USB device connected
2024-08-30 20:27:03.574 [usb4java Device Scanner] INFO  PveTec - [USBTransmission] USB device connected
2024-08-30 20:27:03.574 [usb4java Device Scanner] INFO  PveTec - [USBTransmission] USB device connected
2024-08-30 20:27:03.574 [usb4java Device Scanner] INFO  PveTec - [USBTransmission] USB device connected
2024-08-30 20:27:03.574 [usb4java Device Scanner] INFO  PveTec - [USBTransmission] USB device connected
2024-08-30 20:27:06.608 [usb4java Device Scanner] ERROR PveTec - [USBTransmission] USB device disconnected
2024-08-30 20:27:06.609 [usb4java Device Scanner] INFO  PveTec - 
[IMPORTANT] USBTRANSMISSION: USB device detached

2024-08-30 20:27:06.611 [usb4java Device Scanner] ERROR PveTec - [USBTransmission] USB device disconnected
2024-08-30 20:27:06.611 [usb4java Device Scanner] INFO  PveTec - 
[IMPORTANT] USBTRANSMISSION: USB device detached

2024-08-30 20:27:13.159 [usb4java Device Scanner] INFO  PveTec - [USBTransmission] USB device connected
2024-08-30 20:27:13.160 [usb4java Device Scanner] INFO  PveTec - [USBTransmission] USB device connected
2024-08-30 20:27:34.201 [usb4java Device Scanner] INFO  PveTec - [USBTransmission] USB device connected
2024-08-30 20:27:34.202 [usb4java Device Scanner] INFO  PveTec - [USBTransmission] USB device connected
2024-08-30 20:27:34.202 [usb4java Device Scanner] INFO  PveTec - [USBTransmission] USB device connected
2024-08-30 20:27:34.202 [usb4java Device Scanner] INFO  PveTec - [USBTransmission] USB device connected
2024-08-30 20:27:34.203 [usb4java Device Scanner] INFO  PveTec - [USBTransmission] USB device connected
2024-08-30 20:27:34.203 [usb4java Device Scanner] INFO  PveTec - [USBTransmission] USB device connected
2024-08-30 20:27:36.728 [usb4java Device Scanner] ERROR PveTec - [USBTransmission] USB device disconnected
2024-08-30 20:27:36.729 [usb4java Device Scanner] INFO  PveTec - 
【IMPORTANT】 USBTransmission: USB device detached

2024-08-30 20:27:36.731 [usb4java Device Scanner] ERROR PveTec - [USBTransmission] USB device disconnected
2024-08-30 20:27:36.731 [usb4java Device Scanner] INFO  PveTec - 
【IMPORTANT】 USBTransmission: USB device detached

2024-08-30 20:27:40.271 [usb4java Device Scanner] INFO  PveTec - [USBTransmission] USB device connected
2024-08-30 20:27:40.272 [usb4java Device Scanner] INFO  PveTec - [USBTransmission] USB device connected
2024-08-30 20:31:35.309 [usb4java Device Scanner] INFO  PveTec - [USBTransmission] USB device connected
2024-08-30 20:31:35.312 [usb4java Device Scanner] INFO  PveTec - [USBTransmission] USB device connected
2024-08-30 20:31:35.312 [usb4java Device Scanner] INFO  PveTec - [USBTransmission] USB device connected
2024-08-30 20:31:35.312 [usb4java Device Scanner] INFO  PveTec - [USBTransmission] USB device connected
2024-08-30 20:31:35.312 [usb4java Device Scanner] INFO  PveTec - [USBTransmission] USB device connected
2024-08-30 20:31:35.312 [usb4java Device Scanner] INFO  PveTec - [USBTransmission] USB device connected
2024-08-30 20:44:20.688 [usb4java Device Scanner] INFO  PveTec - [USBTransmission] USB device connected
2024-08-30 20:44:20.690 [usb4java Device Scanner] INFO  PveTec - [USBTransmission] USB device connected
2024-08-30 20:44:20.690 [usb4java Device Scanner] INFO  PveTec - [USBTransmission] USB device connected
2024-08-30 20:44:20.690 [usb4java Device Scanner] INFO  PveTec - [USBTransmission] USB device connected
2024-08-30 20:44:20.690 [usb4java Device Scanner] INFO  PveTec - [USBTransmission] USB device connected
2024-08-30 20:44:20.690 [usb4java Device Scanner] INFO  PveTec - [USBTransmission] USB device connected
2024-08-30 20:44:47.764 [usb4java Device Scanner] INFO  PveTec - [USBTransmission] USB device connected
2024-08-30 20:44:47.766 [usb4java Device Scanner] INFO  PveTec - [USBTransmission] USB device connected
2024-08-30 20:44:47.766 [usb4java Device Scanner] INFO  PveTec - [USBTransmission] USB device connected
2024-08-30 20:44:47.766 [usb4java Device Scanner] INFO  PveTec - [USBTransmission] USB device connected
2024-08-30 20:44:47.766 [usb4java Device Scanner] INFO  PveTec - [USBTransmission] USB device connected
2024-08-30 20:44:47.766 [usb4java Device Scanner] INFO  PveTec - [USBTransmission] USB device connected
2024-08-30 21:35:38.753 [usb4java Device Scanner] INFO  PveTec - [USBTransmission] USB device connected
2024-08-30 21:35:38.756 [usb4java Device Scanner] INFO  PveTec - [USBTransmission] USB device connected
2024-08-30 21:35:38.756 [usb4java Device Scanner] INFO  PveTec - [USBTransmission] USB device connected
2024-08-30 21:35:38.756 [usb4java Device Scanner] INFO  PveTec - [USBTransmission] USB device connected
2024-08-30 21:35:38.756 [usb4java Device Scanner] INFO  PveTec - [USBTransmission] USB device connected
2024-08-30 21:35:38.756 [usb4java Device Scanner] INFO  PveTec - [USBTransmission] USB device connected
2024-08-30 21:43:08.582 [usb4java Device Scanner] INFO  PveTec - [USBTransmission] USB device connected
2024-08-30 21:43:08.584 [usb4java Device Scanner] INFO  PveTec - [USBTransmission] USB device connected
2024-08-30 21:43:08.585 [usb4java Device Scanner] INFO  PveTec - [USBTransmission] USB device connected
2024-08-30 21:43:08.585 [usb4java Device Scanner] INFO  PveTec - [USBTransmission] USB device connected
2024-08-30 21:43:08.585 [usb4java Device Scanner] INFO  PveTec - [USBTransmission] USB device connected
2024-08-30 21:43:08.585 [usb4java Device Scanner] INFO  PveTec - [USBTransmission] USB device connected
2024-08-30 21:43:37.528 [JavaFX Application Thread] INFO  PveTec - 
【IMPORTANT】 NavigationBarController: [Platform(name=MT 8666, projects=[Project(name=BM400, code=1, testTypes=[TestType(name=核心板测试, code=1, items=[TestItem(code=200, name=开机)]), TestType(name=休眠测试, code=2, items=[TestItem(code=200, name=开机)])])])]

2024-08-30 21:43:38.913 [JavaFX Application Thread] INFO  PveTec - 
【IMPORTANT】 NavigationBarController: [Platform(name=MT 8666, projects=[Project(name=BM400, code=1, testTypes=[TestType(name=核心板测试, code=1, items=[TestItem(code=200, name=开机)]), TestType(name=休眠测试, code=2, items=[TestItem(code=200, name=开机)])])])]

2024-08-30 21:43:39.411 [usb4java Device Scanner] INFO  PveTec - [USBTransmission] USB device connected
2024-08-30 21:43:39.411 [usb4java Device Scanner] INFO  PveTec - [USBTransmission] USB device connected
2024-08-30 21:43:39.411 [usb4java Device Scanner] INFO  PveTec - [USBTransmission] USB device connected
2024-08-30 21:43:39.412 [usb4java Device Scanner] INFO  PveTec - [USBTransmission] USB device connected
2024-08-30 21:43:39.412 [usb4java Device Scanner] INFO  PveTec - [USBTransmission] USB device connected
2024-08-30 21:43:39.412 [usb4java Device Scanner] INFO  PveTec - [USBTransmission] USB device connected
2024-08-30 21:44:03.803 [JavaFX Application Thread] INFO  PveTec - 
【IMPORTANT】 NavigationBarController: [Platform(name=MT 8666, projects=[Project(name=BM400, code=1, testTypes=[TestType(name=核心板测试, code=1, items=[TestItem(code=200, name=开机)]), TestType(name=休眠测试, code=2, items=[TestItem(code=200, name=开机)])])])]

2024-08-30 21:44:04.103 [JavaFX Application Thread] INFO  PveTec - 
【IMPORTANT】 NavigationBarController: [Platform(name=MT 8666, projects=[Project(name=BM400, code=1, testTypes=[TestType(name=核心板测试, code=1, items=[TestItem(code=200, name=开机)]), TestType(name=休眠测试, code=2, items=[TestItem(code=200, name=开机)])])])]

2024-08-30 21:44:04.603 [usb4java Device Scanner] INFO  PveTec - [USBTransmission] USB device connected
2024-08-30 21:44:04.603 [usb4java Device Scanner] INFO  PveTec - [USBTransmission] USB device connected
2024-08-30 21:44:04.604 [usb4java Device Scanner] INFO  PveTec - [USBTransmission] USB device connected
2024-08-30 21:44:04.604 [usb4java Device Scanner] INFO  PveTec - [USBTransmission] USB device connected
2024-08-30 21:44:04.604 [usb4java Device Scanner] INFO  PveTec - [USBTransmission] USB device connected
2024-08-30 21:44:04.604 [usb4java Device Scanner] INFO  PveTec - [USBTransmission] USB device connected
2024-08-30 21:58:44.113 [usb4java Device Scanner] INFO  PveTec - [USBTransmission] USB device connected
2024-08-30 21:58:44.115 [usb4java Device Scanner] INFO  PveTec - [USBTransmission] USB device connected
2024-08-30 21:58:44.115 [usb4java Device Scanner] INFO  PveTec - [USBTransmission] USB device connected
2024-08-30 21:58:44.116 [usb4java Device Scanner] INFO  PveTec - [USBTransmission] USB device connected
2024-08-30 21:58:44.116 [usb4java Device Scanner] INFO  PveTec - [USBTransmission] USB device connected
2024-08-30 21:58:44.116 [usb4java Device Scanner] INFO  PveTec - [USBTransmission] USB device connected
2024-08-30 21:59:05.787 [usb4java Device Scanner] ERROR PveTec - [USBTransmission] USB device disconnected
2024-08-30 21:59:05.788 [usb4java Device Scanner] INFO  PveTec - 
【IMPORTANT】 USBTransmission: USB device detached

2024-08-30 21:59:05.789 [usb4java Device Scanner] ERROR PveTec - [USBTransmission] USB device disconnected
2024-08-30 21:59:05.789 [usb4java Device Scanner] INFO  PveTec - 
【IMPORTANT】 USBTransmission: USB device detached

2024-08-30 21:59:14.357 [usb4java Device Scanner] INFO  PveTec - [USBTransmission] USB device connected
2024-08-30 21:59:14.359 [usb4java Device Scanner] INFO  PveTec - [USBTransmission] USB device connected
2024-08-30 22:00:02.883 [usb4java Device Scanner] INFO  PveTec - [USBTransmission] USB device connected
2024-08-30 22:00:02.885 [usb4java Device Scanner] INFO  PveTec - [USBTransmission] USB device connected
2024-08-30 22:00:02.885 [usb4java Device Scanner] INFO  PveTec - [USBTransmission] USB device connected
2024-08-30 22:00:02.885 [usb4java Device Scanner] INFO  PveTec - [USBTransmission] USB device connected
2024-08-30 22:00:02.885 [usb4java Device Scanner] INFO  PveTec - [USBTransmission] USB device connected
2024-08-30 22:00:02.885 [usb4java Device Scanner] INFO  PveTec - [USBTransmission] USB device connected
2024-08-30 22:00:11.962 [usb4java Device Scanner] ERROR PveTec - [USBTransmission] USB device disconnected
2024-08-30 22:00:11.963 [usb4java Device Scanner] INFO  PveTec - 
【IMPORTANT】 USBTransmission: USB device detached

2024-08-30 22:00:11.964 [usb4java Device Scanner] ERROR PveTec - [USBTransmission] USB device disconnected
2024-08-30 22:00:11.965 [usb4java Device Scanner] INFO  PveTec - 
【IMPORTANT】 USBTransmission: USB device detached

2024-08-30 22:00:14.487 [usb4java Device Scanner] INFO  PveTec - [USBTransmission] USB device connected
2024-08-30 22:00:14.488 [usb4java Device Scanner] INFO  PveTec - [USBTransmission] USB device connected
2024-08-30 22:05:34.102 [usb4java Device Scanner] INFO  PveTec - [USBTransmission] USB device connected
2024-08-30 22:05:34.103 [usb4java Device Scanner] INFO  PveTec - [USBTransmission] USB device connected
2024-08-30 22:05:34.104 [usb4java Device Scanner] INFO  PveTec - [USBTransmission] USB device connected
2024-08-30 22:05:34.104 [usb4java Device Scanner] INFO  PveTec - [USBTransmission] USB device connected
2024-08-30 22:05:34.104 [usb4java Device Scanner] INFO  PveTec - [USBTransmission] USB device connected
2024-08-30 22:05:34.104 [usb4java Device Scanner] INFO  PveTec - [USBTransmission] USB device connected
2024-08-30 22:05:53.889 [JavaFX Application Thread] INFO  PveTec - 
【IMPORTANT】 GuideDialogController: [Platform(name=MT 8666, projects=[Project(name=BM400, code=1, testTypes=[TestType(name=核心板测试, code=1, items=[TestItem(code=200, name=开机)]), TestType(name=休眠测试, code=2, items=[TestItem(code=200, name=开机)])])])]

2024-08-30 22:07:07.368 [usb4java Device Scanner] INFO  PveTec - [USBTransmission] USB device connected
2024-08-30 22:07:07.370 [usb4java Device Scanner] INFO  PveTec - [USBTransmission] USB device connected
2024-08-30 22:07:07.370 [usb4java Device Scanner] INFO  PveTec - [USBTransmission] USB device connected
2024-08-30 22:07:07.370 [usb4java Device Scanner] INFO  PveTec - [USBTransmission] USB device connected
2024-08-30 22:07:07.370 [usb4java Device Scanner] INFO  PveTec - [USBTransmission] USB device connected
2024-08-30 22:07:07.370 [usb4java Device Scanner] INFO  PveTec - [USBTransmission] USB device connected
2024-08-30 22:09:26.546 [usb4java Device Scanner] INFO  PveTec - [USBTransmission] USB device connected
2024-08-30 22:09:26.547 [usb4java Device Scanner] INFO  PveTec - [USBTransmission] USB device connected
2024-08-30 22:09:26.547 [usb4java Device Scanner] INFO  PveTec - [USBTransmission] USB device connected
2024-08-30 22:09:26.547 [usb4java Device Scanner] INFO  PveTec - [USBTransmission] USB device connected
2024-08-30 22:09:26.547 [usb4java Device Scanner] INFO  PveTec - [USBTransmission] USB device connected
2024-08-30 22:09:26.547 [usb4java Device Scanner] INFO  PveTec - [USBTransmission] USB device connected
2024-08-30 22:12:54.057 [usb4java Device Scanner] INFO  PveTec - [USBTransmission] USB device connected
2024-08-30 22:12:54.058 [usb4java Device Scanner] INFO  PveTec - [USBTransmission] USB device connected
2024-08-30 22:12:54.058 [usb4java Device Scanner] INFO  PveTec - [USBTransmission] USB device connected
2024-08-30 22:12:54.058 [usb4java Device Scanner] INFO  PveTec - [USBTransmission] USB device connected
2024-08-30 22:12:54.058 [usb4java Device Scanner] INFO  PveTec - [USBTransmission] USB device connected
2024-08-30 22:12:54.058 [usb4java Device Scanner] INFO  PveTec - [USBTransmission] USB device connected
2024-08-30 22:16:01.912 [usb4java Device Scanner] INFO  PveTec - [USBTransmission] USB device connected
2024-08-30 22:16:01.913 [usb4java Device Scanner] INFO  PveTec - [USBTransmission] USB device connected
2024-08-30 22:16:01.913 [usb4java Device Scanner] INFO  PveTec - [USBTransmission] USB device connected
2024-08-30 22:16:01.913 [usb4java Device Scanner] INFO  PveTec - [USBTransmission] USB device connected
2024-08-30 22:16:01.913 [usb4java Device Scanner] INFO  PveTec - [USBTransmission] USB device connected
2024-08-30 22:16:01.914 [usb4java Device Scanner] INFO  PveTec - [USBTransmission] USB device connected
2024-08-30 22:20:59.827 [usb4java Device Scanner] INFO  PveTec - [USBTransmission] USB device connected
2024-08-30 22:20:59.829 [usb4java Device Scanner] INFO  PveTec - [USBTransmission] USB device connected
2024-08-30 22:20:59.829 [usb4java Device Scanner] INFO  PveTec - [USBTransmission] USB device connected
2024-08-30 22:20:59.829 [usb4java Device Scanner] INFO  PveTec - [USBTransmission] USB device connected
2024-08-30 22:20:59.829 [usb4java Device Scanner] INFO  PveTec - [USBTransmission] USB device connected
2024-08-30 22:20:59.829 [usb4java Device Scanner] INFO  PveTec - [USBTransmission] USB device connected
2024-08-30 22:29:19.202 [usb4java Device Scanner] INFO  PveTec - [USBTransmission] USB device connected
2024-08-30 22:29:19.204 [usb4java Device Scanner] INFO  PveTec - [USBTransmission] USB device connected
2024-08-30 22:29:19.204 [usb4java Device Scanner] INFO  PveTec - [USBTransmission] USB device connected
2024-08-30 22:29:19.204 [usb4java Device Scanner] INFO  PveTec - [USBTransmission] USB device connected
2024-08-30 22:29:19.204 [usb4java Device Scanner] INFO  PveTec - [USBTransmission] USB device connected
2024-08-30 22:29:19.204 [usb4java Device Scanner] INFO  PveTec - [USBTransmission] USB device connected
2024-08-30 22:32:47.795 [usb4java Device Scanner] INFO  PveTec - [USBTransmission] USB device connected
2024-08-30 22:32:47.798 [usb4java Device Scanner] INFO  PveTec - [USBTransmission] USB device connected
2024-08-30 22:32:47.798 [usb4java Device Scanner] INFO  PveTec - [USBTransmission] USB device connected
2024-08-30 22:32:47.798 [usb4java Device Scanner] INFO  PveTec - [USBTransmission] USB device connected
2024-08-30 22:32:47.798 [usb4java Device Scanner] INFO  PveTec - [USBTransmission] USB device connected
2024-08-30 22:32:47.798 [usb4java Device Scanner] INFO  PveTec - [USBTransmission] USB device connected
2024-08-30 22:34:02.070 [usb4java Device Scanner] INFO  PveTec - [USBTransmission] USB device connected
2024-08-30 22:34:02.071 [usb4java Device Scanner] INFO  PveTec - [USBTransmission] USB device connected
2024-08-30 22:34:02.072 [usb4java Device Scanner] INFO  PveTec - [USBTransmission] USB device connected
2024-08-30 22:34:02.072 [usb4java Device Scanner] INFO  PveTec - [USBTransmission] USB device connected
2024-08-30 22:34:02.072 [usb4java Device Scanner] INFO  PveTec - [USBTransmission] USB device connected
2024-08-30 22:34:02.072 [usb4java Device Scanner] INFO  PveTec - [USBTransmission] USB device connected
2024-08-30 22:37:42.064 [usb4java Device Scanner] INFO  PveTec - [USBTransmission] USB device connected
2024-08-30 22:37:42.067 [usb4java Device Scanner] INFO  PveTec - [USBTransmission] USB device connected
2024-08-30 22:37:42.067 [usb4java Device Scanner] INFO  PveTec - [USBTransmission] USB device connected
2024-08-30 22:37:42.067 [usb4java Device Scanner] INFO  PveTec - [USBTransmission] USB device connected
2024-08-30 22:37:42.068 [usb4java Device Scanner] INFO  PveTec - [USBTransmission] USB device connected
2024-08-30 22:37:42.068 [usb4java Device Scanner] INFO  PveTec - [USBTransmission] USB device connected
2024-08-30 22:45:35.474 [usb4java Device Scanner] INFO  PveTec - [USBTransmission] USB device connected
2024-08-30 22:45:35.475 [usb4java Device Scanner] INFO  PveTec - [USBTransmission] USB device connected
2024-08-30 22:45:35.476 [usb4java Device Scanner] INFO  PveTec - [USBTransmission] USB device connected
2024-08-30 22:45:35.476 [usb4java Device Scanner] INFO  PveTec - [USBTransmission] USB device connected
2024-08-30 22:45:35.476 [usb4java Device Scanner] INFO  PveTec - [USBTransmission] USB device connected
2024-08-30 22:45:35.476 [usb4java Device Scanner] INFO  PveTec - [USBTransmission] USB device connected
2024-08-30 22:46:15.231 [usb4java Device Scanner] INFO  PveTec - [USBTransmission] USB device connected
2024-08-30 22:46:15.232 [usb4java Device Scanner] INFO  PveTec - [USBTransmission] USB device connected
2024-08-30 22:46:15.232 [usb4java Device Scanner] INFO  PveTec - [USBTransmission] USB device connected
2024-08-30 22:46:15.232 [usb4java Device Scanner] INFO  PveTec - [USBTransmission] USB device connected
2024-08-30 22:46:15.232 [usb4java Device Scanner] INFO  PveTec - [USBTransmission] USB device connected
2024-08-30 22:46:15.233 [usb4java Device Scanner] INFO  PveTec - [USBTransmission] USB device connected
2024-08-30 22:51:41.618 [usb4java Device Scanner] INFO  PveTec - [USBTransmission] USB device connected
2024-08-30 22:51:41.620 [usb4java Device Scanner] INFO  PveTec - [USBTransmission] USB device connected
2024-08-30 22:51:41.621 [usb4java Device Scanner] INFO  PveTec - [USBTransmission] USB device connected
2024-08-30 22:51:41.621 [usb4java Device Scanner] INFO  PveTec - [USBTransmission] USB device connected
2024-08-30 22:51:41.621 [usb4java Device Scanner] INFO  PveTec - [USBTransmission] USB device connected
2024-08-30 22:51:41.621 [usb4java Device Scanner] INFO  PveTec - [USBTransmission] USB device connected
2024-08-30 22:52:22.020 [usb4java Device Scanner] INFO  PveTec - [USBTransmission] USB device connected
2024-08-30 22:52:22.021 [usb4java Device Scanner] INFO  PveTec - [USBTransmission] USB device connected
2024-08-30 22:52:22.021 [usb4java Device Scanner] INFO  PveTec - [USBTransmission] USB device connected
2024-08-30 22:52:22.021 [usb4java Device Scanner] INFO  PveTec - [USBTransmission] USB device connected
2024-08-30 22:52:22.022 [usb4java Device Scanner] INFO  PveTec - [USBTransmission] USB device connected
2024-08-30 22:52:22.022 [usb4java Device Scanner] INFO  PveTec - [USBTransmission] USB device connected
2024-08-30 22:56:54.676 [usb4java Device Scanner] INFO  PveTec - [USBTransmission] USB device connected
2024-08-30 22:56:54.677 [usb4java Device Scanner] INFO  PveTec - [USBTransmission] USB device connected
2024-08-30 22:56:54.677 [usb4java Device Scanner] INFO  PveTec - [USBTransmission] USB device connected
2024-08-30 22:56:54.677 [usb4java Device Scanner] INFO  PveTec - [USBTransmission] USB device connected
2024-08-30 22:56:54.678 [usb4java Device Scanner] INFO  PveTec - [USBTransmission] USB device connected
2024-08-30 22:56:54.678 [usb4java Device Scanner] INFO  PveTec - [USBTransmission] USB device connected
2024-08-30 23:16:54.186 [usb4java Device Scanner] INFO  PveTec - [USBTransmission] USB device connected
2024-08-30 23:16:54.191 [usb4java Device Scanner] INFO  PveTec - [USBTransmission] USB device connected
2024-08-30 23:16:54.191 [usb4java Device Scanner] INFO  PveTec - [USBTransmission] USB device connected
2024-08-30 23:16:54.191 [usb4java Device Scanner] INFO  PveTec - [USBTransmission] USB device connected
2024-08-30 23:16:54.191 [usb4java Device Scanner] INFO  PveTec - [USBTransmission] USB device connected
2024-08-30 23:16:54.192 [usb4java Device Scanner] INFO  PveTec - [USBTransmission] USB device connected
2024-08-30 23:18:01.178 [usb4java Device Scanner] INFO  PveTec - [USBTransmission] USB device connected
2024-08-30 23:18:01.179 [usb4java Device Scanner] INFO  PveTec - [USBTransmission] USB device connected
2024-08-30 23:18:01.179 [usb4java Device Scanner] INFO  PveTec - [USBTransmission] USB device connected
2024-08-30 23:18:01.179 [usb4java Device Scanner] INFO  PveTec - [USBTransmission] USB device connected
2024-08-30 23:18:01.179 [usb4java Device Scanner] INFO  PveTec - [USBTransmission] USB device connected
2024-08-30 23:18:01.179 [usb4java Device Scanner] INFO  PveTec - [USBTransmission] USB device connected
